{"/Users/remi/Downloads/Temple/CIS/3296/projects/final-project-02-gMatch/apps/server/src/app.js": {"path":"/Users/remi/Downloads/Temple/CIS/3296/projects/final-project-02-gMatch/apps/server/src/app.js","statementMap":{"0":{"start":{"line":1,"column":16},"end":{"line":1,"column":34}},"1":{"start":{"line":2,"column":13},"end":{"line":2,"column":28}},"2":{"start":{"line":3,"column":17},"end":{"line":3,"column":36}},"3":{"start":{"line":4,"column":21},"end":{"line":4,"column":45}},"4":{"start":{"line":6,"column":0},"end":{"line":6,"column":27}},"5":{"start":{"line":8,"column":19},"end":{"line":8,"column":43}},"6":{"start":{"line":9,"column":24},"end":{"line":9,"column":54}},"7":{"start":{"line":10,"column":27},"end":{"line":10,"column":60}},"8":{"start":{"line":11,"column":23},"end":{"line":11,"column":52}},"9":{"start":{"line":12,"column":19},"end":{"line":12,"column":44}},"10":{"start":{"line":14,"column":12},"end":{"line":14,"column":21}},"11":{"start":{"line":17,"column":0},"end":{"line":22,"column":2}},"12":{"start":{"line":23,"column":0},"end":{"line":23,"column":24}},"13":{"start":{"line":24,"column":0},"end":{"line":24,"column":48}},"14":{"start":{"line":25,"column":0},"end":{"line":25,"column":24}},"15":{"start":{"line":28,"column":0},"end":{"line":28,"column":33}},"16":{"start":{"line":29,"column":0},"end":{"line":29,"column":44}},"17":{"start":{"line":30,"column":0},"end":{"line":30,"column":50}},"18":{"start":{"line":31,"column":0},"end":{"line":31,"column":41}},"19":{"start":{"line":32,"column":0},"end":{"line":32,"column":34}},"20":{"start":{"line":34,"column":0},"end":{"line":41,"column":3}},"21":{"start":{"line":35,"column":19},"end":{"line":35,"column":79}},"22":{"start":{"line":36,"column":2},"end":{"line":40,"column":5}},"23":{"start":{"line":43,"column":0},"end":{"line":43,"column":21}}},"fnMap":{"0":{"name":"(anonymous_0)","decl":{"start":{"line":34,"column":23},"end":{"line":34,"column":24}},"loc":{"start":{"line":34,"column":38},"end":{"line":41,"column":1}},"line":34}},"branchMap":{"0":{"loc":{"start":{"line":19,"column":12},"end":{"line":19,"column":61}},"type":"binary-expr","locations":[{"start":{"line":19,"column":12},"end":{"line":19,"column":34}},{"start":{"line":19,"column":38},"end":{"line":19,"column":61}}],"line":19},"1":{"loc":{"start":{"line":39,"column":8},"end":{"line":39,"column":61}},"type":"binary-expr","locations":[{"start":{"line":39,"column":8},"end":{"line":39,"column":48}},{"start":{"line":39,"column":52},"end":{"line":39,"column":61}}],"line":39}},"s":{"0":11,"1":11,"2":11,"3":11,"4":11,"5":11,"6":11,"7":11,"8":11,"9":11,"10":11,"11":11,"12":11,"13":11,"14":11,"15":11,"16":11,"17":11,"18":11,"19":11,"20":11,"21":0,"22":0,"23":11},"f":{"0":0},"b":{"0":[11,0],"1":[0,0]},"_coverageSchema":"1a1c01bbd47fc00a2c39e90264f33305004495a9","hash":"cc027dae743eeac041d348666cef6dfbd36ae244"}
,"/Users/remi/Downloads/Temple/CIS/3296/projects/final-project-02-gMatch/apps/server/src/algorithm/index.js": {"path":"/Users/remi/Downloads/Temple/CIS/3296/projects/final-project-02-gMatch/apps/server/src/algorithm/index.js","statementMap":{"0":{"start":{"line":6,"column":2},"end":{"line":6,"column":50}},"1":{"start":{"line":10,"column":14},"end":{"line":10,"column":15}},"2":{"start":{"line":15,"column":20},"end":{"line":15,"column":21}},"3":{"start":{"line":17,"column":2},"end":{"line":40,"column":3}},"4":{"start":{"line":17,"column":15},"end":{"line":17,"column":16}},"5":{"start":{"line":18,"column":19},"end":{"line":18,"column":26}},"6":{"start":{"line":19,"column":24},"end":{"line":19,"column":67}},"7":{"start":{"line":22,"column":4},"end":{"line":29,"column":5}},"8":{"start":{"line":23,"column":6},"end":{"line":28,"column":7}},"9":{"start":{"line":24,"column":38},"end":{"line":24,"column":65}},"10":{"start":{"line":25,"column":8},"end":{"line":25,"column":45}},"11":{"start":{"line":25,"column":36},"end":{"line":25,"column":45}},"12":{"start":{"line":26,"column":29},"end":{"line":26,"column":109}},"13":{"start":{"line":26,"column":44},"end":{"line":26,"column":108}},"14":{"start":{"line":27,"column":8},"end":{"line":27,"column":47}},"15":{"start":{"line":27,"column":26},"end":{"line":27,"column":47}},"16":{"start":{"line":32,"column":4},"end":{"line":39,"column":5}},"17":{"start":{"line":33,"column":6},"end":{"line":38,"column":7}},"18":{"start":{"line":34,"column":38},"end":{"line":34,"column":65}},"19":{"start":{"line":35,"column":8},"end":{"line":35,"column":45}},"20":{"start":{"line":35,"column":36},"end":{"line":35,"column":45}},"21":{"start":{"line":36,"column":29},"end":{"line":36,"column":109}},"22":{"start":{"line":36,"column":44},"end":{"line":36,"column":108}},"23":{"start":{"line":37,"column":8},"end":{"line":37,"column":47}},"24":{"start":{"line":37,"column":27},"end":{"line":37,"column":47}},"25":{"start":{"line":42,"column":2},"end":{"line":42,"column":23}},"26":{"start":{"line":46,"column":20},"end":{"line":46,"column":21}},"27":{"start":{"line":47,"column":2},"end":{"line":66,"column":3}},"28":{"start":{"line":48,"column":29},"end":{"line":48,"column":72}},"29":{"start":{"line":50,"column":4},"end":{"line":61,"column":5}},"30":{"start":{"line":51,"column":6},"end":{"line":51,"column":52}},"31":{"start":{"line":51,"column":43},"end":{"line":51,"column":52}},"32":{"start":{"line":53,"column":22},"end":{"line":53,"column":26}},"33":{"start":{"line":54,"column":6},"end":{"line":59,"column":7}},"34":{"start":{"line":54,"column":19},"end":{"line":54,"column":20}},"35":{"start":{"line":55,"column":8},"end":{"line":58,"column":9}},"36":{"start":{"line":56,"column":10},"end":{"line":56,"column":28}},"37":{"start":{"line":57,"column":10},"end":{"line":57,"column":16}},"38":{"start":{"line":60,"column":6},"end":{"line":60,"column":38}},"39":{"start":{"line":60,"column":21},"end":{"line":60,"column":38}},"40":{"start":{"line":65,"column":4},"end":{"line":65,"column":64}},"41":{"start":{"line":70,"column":2},"end":{"line":82,"column":3}},"42":{"start":{"line":71,"column":25},"end":{"line":71,"column":34}},"43":{"start":{"line":73,"column":4},"end":{"line":78,"column":5}},"44":{"start":{"line":74,"column":27},"end":{"line":74,"column":79}},"45":{"start":{"line":74,"column":53},"end":{"line":74,"column":78}},"46":{"start":{"line":75,"column":6},"end":{"line":77,"column":7}},"47":{"start":{"line":76,"column":8},"end":{"line":76,"column":82}},"48":{"start":{"line":76,"column":40},"end":{"line":76,"column":80}},"49":{"start":{"line":81,"column":4},"end":{"line":81,"column":58}},"50":{"start":{"line":84,"column":2},"end":{"line":84,"column":15}},"51":{"start":{"line":88,"column":19},"end":{"line":88,"column":20}},"52":{"start":{"line":89,"column":2},"end":{"line":91,"column":3}},"53":{"start":{"line":90,"column":4},"end":{"line":90,"column":52}},"54":{"start":{"line":92,"column":2},"end":{"line":92,"column":20}},"55":{"start":{"line":96,"column":2},"end":{"line":96,"column":54}},"56":{"start":{"line":96,"column":44},"end":{"line":96,"column":54}},"57":{"start":{"line":98,"column":22},"end":{"line":98,"column":43}},"58":{"start":{"line":99,"column":19},"end":{"line":99,"column":60}},"59":{"start":{"line":102,"column":19},"end":{"line":102,"column":65}},"60":{"start":{"line":102,"column":45},"end":{"line":102,"column":64}},"61":{"start":{"line":103,"column":21},"end":{"line":103,"column":63}},"62":{"start":{"line":103,"column":60},"end":{"line":103,"column":62}},"63":{"start":{"line":105,"column":2},"end":{"line":107,"column":5}},"64":{"start":{"line":106,"column":4},"end":{"line":106,"column":41}},"65":{"start":{"line":109,"column":21},"end":{"line":109,"column":61}},"66":{"start":{"line":111,"column":18},"end":{"line":111,"column":58}},"67":{"start":{"line":112,"column":2},"end":{"line":112,"column":44}},"68":{"start":{"line":112,"column":36},"end":{"line":112,"column":42}},"69":{"start":{"line":113,"column":18},"end":{"line":113,"column":30}},"70":{"start":{"line":116,"column":21},"end":{"line":116,"column":25}},"71":{"start":{"line":117,"column":2},"end":{"line":153,"column":3}},"72":{"start":{"line":117,"column":18},"end":{"line":117,"column":19}},"73":{"start":{"line":119,"column":18},"end":{"line":119,"column":54}},"74":{"start":{"line":120,"column":18},"end":{"line":120,"column":54}},"75":{"start":{"line":121,"column":4},"end":{"line":121,"column":34}},"76":{"start":{"line":121,"column":25},"end":{"line":121,"column":34}},"77":{"start":{"line":123,"column":18},"end":{"line":123,"column":37}},"78":{"start":{"line":124,"column":18},"end":{"line":124,"column":37}},"79":{"start":{"line":126,"column":4},"end":{"line":126,"column":59}},"80":{"start":{"line":126,"column":50},"end":{"line":126,"column":59}},"81":{"start":{"line":129,"column":18},"end":{"line":129,"column":58}},"82":{"start":{"line":130,"column":18},"end":{"line":130,"column":58}},"83":{"start":{"line":133,"column":17},"end":{"line":133,"column":29}},"84":{"start":{"line":134,"column":4},"end":{"line":134,"column":32}},"85":{"start":{"line":135,"column":4},"end":{"line":135,"column":24}},"86":{"start":{"line":138,"column":21},"end":{"line":138,"column":61}},"87":{"start":{"line":140,"column":4},"end":{"line":152,"column":5}},"88":{"start":{"line":142,"column":6},"end":{"line":142,"column":30}},"89":{"start":{"line":143,"column":6},"end":{"line":146,"column":7}},"90":{"start":{"line":144,"column":8},"end":{"line":144,"column":29}},"91":{"start":{"line":145,"column":8},"end":{"line":145,"column":50}},"92":{"start":{"line":145,"column":42},"end":{"line":145,"column":48}},"93":{"start":{"line":149,"column":25},"end":{"line":149,"column":37}},"94":{"start":{"line":150,"column":6},"end":{"line":150,"column":34}},"95":{"start":{"line":151,"column":6},"end":{"line":151,"column":32}},"96":{"start":{"line":156,"column":22},"end":{"line":158,"column":5}},"97":{"start":{"line":156,"column":45},"end":{"line":158,"column":3}},"98":{"start":{"line":157,"column":32},"end":{"line":157,"column":56}},"99":{"start":{"line":160,"column":2},"end":{"line":160,"column":21}},"100":{"start":{"line":163,"column":0},"end":{"line":163,"column":35}}},"fnMap":{"0":{"name":"normalizeEmail","decl":{"start":{"line":5,"column":9},"end":{"line":5,"column":23}},"loc":{"start":{"line":5,"column":30},"end":{"line":7,"column":1}},"line":5},"1":{"name":"calculateTeamScore","decl":{"start":{"line":9,"column":9},"end":{"line":9,"column":27}},"loc":{"start":{"line":9,"column":43},"end":{"line":85,"column":1}},"line":9},"2":{"name":"(anonymous_2)","decl":{"start":{"line":26,"column":39},"end":{"line":26,"column":40}},"loc":{"start":{"line":26,"column":44},"end":{"line":26,"column":108}},"line":26},"3":{"name":"(anonymous_3)","decl":{"start":{"line":36,"column":39},"end":{"line":36,"column":40}},"loc":{"start":{"line":36,"column":44},"end":{"line":36,"column":108}},"line":36},"4":{"name":"(anonymous_4)","decl":{"start":{"line":74,"column":48},"end":{"line":74,"column":49}},"loc":{"start":{"line":74,"column":53},"end":{"line":74,"column":78}},"line":74},"5":{"name":"(anonymous_5)","decl":{"start":{"line":76,"column":35},"end":{"line":76,"column":36}},"loc":{"start":{"line":76,"column":40},"end":{"line":76,"column":80}},"line":76},"6":{"name":"evaluateEcosystem","decl":{"start":{"line":87,"column":9},"end":{"line":87,"column":26}},"loc":{"start":{"line":87,"column":43},"end":{"line":93,"column":1}},"line":87},"7":{"name":"generateTeams","decl":{"start":{"line":95,"column":9},"end":{"line":95,"column":22}},"loc":{"start":{"line":95,"column":106},"end":{"line":161,"column":1}},"line":95},"8":{"name":"(anonymous_8)","decl":{"start":{"line":102,"column":39},"end":{"line":102,"column":40}},"loc":{"start":{"line":102,"column":45},"end":{"line":102,"column":64}},"line":102},"9":{"name":"(anonymous_9)","decl":{"start":{"line":103,"column":54},"end":{"line":103,"column":55}},"loc":{"start":{"line":103,"column":60},"end":{"line":103,"column":62}},"line":103},"10":{"name":"(anonymous_10)","decl":{"start":{"line":105,"column":19},"end":{"line":105,"column":20}},"loc":{"start":{"line":105,"column":31},"end":{"line":107,"column":3}},"line":105},"11":{"name":"(anonymous_11)","decl":{"start":{"line":112,"column":31},"end":{"line":112,"column":32}},"loc":{"start":{"line":112,"column":36},"end":{"line":112,"column":42}},"line":112},"12":{"name":"(anonymous_12)","decl":{"start":{"line":145,"column":37},"end":{"line":145,"column":38}},"loc":{"start":{"line":145,"column":42},"end":{"line":145,"column":48}},"line":145},"13":{"name":"(anonymous_13)","decl":{"start":{"line":156,"column":36},"end":{"line":156,"column":37}},"loc":{"start":{"line":156,"column":45},"end":{"line":158,"column":3}},"line":156},"14":{"name":"(anonymous_14)","decl":{"start":{"line":157,"column":22},"end":{"line":157,"column":23}},"loc":{"start":{"line":157,"column":32},"end":{"line":157,"column":56}},"line":157}},"branchMap":{"0":{"loc":{"start":{"line":6,"column":16},"end":{"line":6,"column":27}},"type":"binary-expr","locations":[{"start":{"line":6,"column":16},"end":{"line":6,"column":21}},{"start":{"line":6,"column":25},"end":{"line":6,"column":27}}],"line":6},"1":{"loc":{"start":{"line":22,"column":4},"end":{"line":29,"column":5}},"type":"if","locations":[{"start":{"line":22,"column":4},"end":{"line":29,"column":5}},{"start":{},"end":{}}],"line":22},"2":{"loc":{"start":{"line":22,"column":8},"end":{"line":22,"column":67}},"type":"binary-expr","locations":[{"start":{"line":22,"column":8},"end":{"line":22,"column":30}},{"start":{"line":22,"column":34},"end":{"line":22,"column":67}}],"line":22},"3":{"loc":{"start":{"line":25,"column":8},"end":{"line":25,"column":45}},"type":"if","locations":[{"start":{"line":25,"column":8},"end":{"line":25,"column":45}},{"start":{},"end":{}}],"line":25},"4":{"loc":{"start":{"line":27,"column":8},"end":{"line":27,"column":47}},"type":"if","locations":[{"start":{"line":27,"column":8},"end":{"line":27,"column":47}},{"start":{},"end":{}}],"line":27},"5":{"loc":{"start":{"line":32,"column":4},"end":{"line":39,"column":5}},"type":"if","locations":[{"start":{"line":32,"column":4},"end":{"line":39,"column":5}},{"start":{},"end":{}}],"line":32},"6":{"loc":{"start":{"line":32,"column":8},"end":{"line":32,"column":67}},"type":"binary-expr","locations":[{"start":{"line":32,"column":8},"end":{"line":32,"column":30}},{"start":{"line":32,"column":34},"end":{"line":32,"column":67}}],"line":32},"7":{"loc":{"start":{"line":35,"column":8},"end":{"line":35,"column":45}},"type":"if","locations":[{"start":{"line":35,"column":8},"end":{"line":35,"column":45}},{"start":{},"end":{}}],"line":35},"8":{"loc":{"start":{"line":37,"column":8},"end":{"line":37,"column":47}},"type":"if","locations":[{"start":{"line":37,"column":8},"end":{"line":37,"column":47}},{"start":{},"end":{}}],"line":37},"9":{"loc":{"start":{"line":47,"column":2},"end":{"line":66,"column":3}},"type":"if","locations":[{"start":{"line":47,"column":2},"end":{"line":66,"column":3}},{"start":{},"end":{}}],"line":47},"10":{"loc":{"start":{"line":47,"column":6},"end":{"line":47,"column":45}},"type":"binary-expr","locations":[{"start":{"line":47,"column":6},"end":{"line":47,"column":21}},{"start":{"line":47,"column":25},"end":{"line":47,"column":45}}],"line":47},"11":{"loc":{"start":{"line":48,"column":41},"end":{"line":48,"column":71}},"type":"binary-expr","locations":[{"start":{"line":48,"column":41},"end":{"line":48,"column":65}},{"start":{"line":48,"column":69},"end":{"line":48,"column":71}}],"line":48},"12":{"loc":{"start":{"line":51,"column":6},"end":{"line":51,"column":52}},"type":"if","locations":[{"start":{"line":51,"column":6},"end":{"line":51,"column":52}},{"start":{},"end":{}}],"line":51},"13":{"loc":{"start":{"line":55,"column":8},"end":{"line":58,"column":9}},"type":"if","locations":[{"start":{"line":55,"column":8},"end":{"line":58,"column":9}},{"start":{},"end":{}}],"line":55},"14":{"loc":{"start":{"line":55,"column":12},"end":{"line":55,"column":72}},"type":"binary-expr","locations":[{"start":{"line":55,"column":12},"end":{"line":55,"column":37}},{"start":{"line":55,"column":41},"end":{"line":55,"column":72}}],"line":55},"15":{"loc":{"start":{"line":60,"column":6},"end":{"line":60,"column":38}},"type":"if","locations":[{"start":{"line":60,"column":6},"end":{"line":60,"column":38}},{"start":{},"end":{}}],"line":60},"16":{"loc":{"start":{"line":70,"column":2},"end":{"line":82,"column":3}},"type":"if","locations":[{"start":{"line":70,"column":2},"end":{"line":82,"column":3}},{"start":{},"end":{}}],"line":70},"17":{"loc":{"start":{"line":70,"column":6},"end":{"line":70,"column":46}},"type":"binary-expr","locations":[{"start":{"line":70,"column":6},"end":{"line":70,"column":21}},{"start":{"line":70,"column":25},"end":{"line":70,"column":46}}],"line":70},"18":{"loc":{"start":{"line":75,"column":6},"end":{"line":77,"column":7}},"type":"if","locations":[{"start":{"line":75,"column":6},"end":{"line":77,"column":7}},{"start":{},"end":{}}],"line":75},"19":{"loc":{"start":{"line":75,"column":10},"end":{"line":75,"column":59}},"type":"binary-expr","locations":[{"start":{"line":75,"column":10},"end":{"line":75,"column":22}},{"start":{"line":75,"column":26},"end":{"line":75,"column":59}}],"line":75},"20":{"loc":{"start":{"line":95,"column":44},"end":{"line":95,"column":104}},"type":"default-arg","locations":[{"start":{"line":95,"column":54},"end":{"line":95,"column":104}}],"line":95},"21":{"loc":{"start":{"line":96,"column":2},"end":{"line":96,"column":54}},"type":"if","locations":[{"start":{"line":96,"column":2},"end":{"line":96,"column":54}},{"start":{},"end":{}}],"line":96},"22":{"loc":{"start":{"line":96,"column":6},"end":{"line":96,"column":42}},"type":"binary-expr","locations":[{"start":{"line":96,"column":6},"end":{"line":96,"column":16}},{"start":{"line":96,"column":20},"end":{"line":96,"column":42}}],"line":96},"23":{"loc":{"start":{"line":121,"column":4},"end":{"line":121,"column":34}},"type":"if","locations":[{"start":{"line":121,"column":4},"end":{"line":121,"column":34}},{"start":{},"end":{}}],"line":121},"24":{"loc":{"start":{"line":126,"column":4},"end":{"line":126,"column":59}},"type":"if","locations":[{"start":{"line":126,"column":4},"end":{"line":126,"column":59}},{"start":{},"end":{}}],"line":126},"25":{"loc":{"start":{"line":126,"column":8},"end":{"line":126,"column":48}},"type":"binary-expr","locations":[{"start":{"line":126,"column":8},"end":{"line":126,"column":26}},{"start":{"line":126,"column":30},"end":{"line":126,"column":48}}],"line":126},"26":{"loc":{"start":{"line":140,"column":4},"end":{"line":152,"column":5}},"type":"if","locations":[{"start":{"line":140,"column":4},"end":{"line":152,"column":5}},{"start":{"line":147,"column":11},"end":{"line":152,"column":5}}],"line":140},"27":{"loc":{"start":{"line":143,"column":6},"end":{"line":146,"column":7}},"type":"if","locations":[{"start":{"line":143,"column":6},"end":{"line":146,"column":7}},{"start":{},"end":{}}],"line":143}},"s":{"0":0,"1":0,"2":0,"3":0,"4":0,"5":0,"6":0,"7":0,"8":0,"9":0,"10":0,"11":0,"12":0,"13":0,"14":0,"15":0,"16":0,"17":0,"18":0,"19":0,"20":0,"21":0,"22":0,"23":0,"24":0,"25":0,"26":0,"27":0,"28":0,"29":0,"30":0,"31":0,"32":0,"33":0,"34":0,"35":0,"36":0,"37":0,"38":0,"39":0,"40":0,"41":0,"42":0,"43":0,"44":0,"45":0,"46":0,"47":0,"48":0,"49":0,"50":0,"51":0,"52":0,"53":0,"54":0,"55":0,"56":0,"57":0,"58":0,"59":0,"60":0,"61":0,"62":0,"63":0,"64":0,"65":0,"66":0,"67":0,"68":0,"69":0,"70":0,"71":0,"72":0,"73":0,"74":0,"75":0,"76":0,"77":0,"78":0,"79":0,"80":0,"81":0,"82":0,"83":0,"84":0,"85":0,"86":0,"87":0,"88":0,"89":0,"90":0,"91":0,"92":0,"93":0,"94":0,"95":0,"96":0,"97":0,"98":0,"99":0,"100":9},"f":{"0":0,"1":0,"2":0,"3":0,"4":0,"5":0,"6":0,"7":0,"8":0,"9":0,"10":0,"11":0,"12":0,"13":0,"14":0},"b":{"0":[0,0],"1":[0,0],"2":[0,0],"3":[0,0],"4":[0,0],"5":[0,0],"6":[0,0],"7":[0,0],"8":[0,0],"9":[0,0],"10":[0,0],"11":[0,0],"12":[0,0],"13":[0,0],"14":[0,0],"15":[0,0],"16":[0,0],"17":[0,0],"18":[0,0],"19":[0,0],"20":[0],"21":[0,0],"22":[0,0],"23":[0,0],"24":[0,0],"25":[0,0],"26":[0,0],"27":[0,0]},"_coverageSchema":"1a1c01bbd47fc00a2c39e90264f33305004495a9","hash":"56b8aa9077d966f98242e9338d08b125729e0031"}
,"/Users/remi/Downloads/Temple/CIS/3296/projects/final-project-02-gMatch/apps/server/src/models/Form.js": {"path":"/Users/remi/Downloads/Temple/CIS/3296/projects/final-project-02-gMatch/apps/server/src/models/Form.js","statementMap":{"0":{"start":{"line":1,"column":17},"end":{"line":1,"column":36}},"1":{"start":{"line":3,"column":23},"end":{"line":28,"column":1}},"2":{"start":{"line":30,"column":19},"end":{"line":43,"column":1}},"3":{"start":{"line":45,"column":0},"end":{"line":45,"column":52}}},"fnMap":{},"branchMap":{},"s":{"0":9,"1":9,"2":9,"3":9},"f":{},"b":{},"_coverageSchema":"1a1c01bbd47fc00a2c39e90264f33305004495a9","hash":"3f64c4a89c40504f6d1e3d9c81163da862a29bdd"}
,"/Users/remi/Downloads/Temple/CIS/3296/projects/final-project-02-gMatch/apps/server/src/models/Notification.js": {"path":"/Users/remi/Downloads/Temple/CIS/3296/projects/final-project-02-gMatch/apps/server/src/models/Notification.js","statementMap":{"0":{"start":{"line":1,"column":17},"end":{"line":1,"column":36}},"1":{"start":{"line":3,"column":27},"end":{"line":21,"column":2}},"2":{"start":{"line":23,"column":0},"end":{"line":23,"column":68}}},"fnMap":{},"branchMap":{},"s":{"0":9,"1":9,"2":9},"f":{},"b":{},"_coverageSchema":"1a1c01bbd47fc00a2c39e90264f33305004495a9","hash":"c1e2b3cbf0cdbe8a3316b4640cc85e372f6ee7a9"}
,"/Users/remi/Downloads/Temple/CIS/3296/projects/final-project-02-gMatch/apps/server/src/models/Response.js": {"path":"/Users/remi/Downloads/Temple/CIS/3296/projects/final-project-02-gMatch/apps/server/src/models/Response.js","statementMap":{"0":{"start":{"line":1,"column":17},"end":{"line":1,"column":36}},"1":{"start":{"line":3,"column":21},"end":{"line":15,"column":1}},"2":{"start":{"line":17,"column":23},"end":{"line":47,"column":1}},"3":{"start":{"line":49,"column":0},"end":{"line":49,"column":60}}},"fnMap":{},"branchMap":{},"s":{"0":7,"1":7,"2":7,"3":7},"f":{},"b":{},"_coverageSchema":"1a1c01bbd47fc00a2c39e90264f33305004495a9","hash":"f24ff5f342ddd4fd1e1e3e037a883783c002e17a"}
,"/Users/remi/Downloads/Temple/CIS/3296/projects/final-project-02-gMatch/apps/server/src/models/Team.js": {"path":"/Users/remi/Downloads/Temple/CIS/3296/projects/final-project-02-gMatch/apps/server/src/models/Team.js","statementMap":{"0":{"start":{"line":1,"column":17},"end":{"line":1,"column":36}},"1":{"start":{"line":3,"column":26},"end":{"line":20,"column":1}},"2":{"start":{"line":22,"column":19},"end":{"line":41,"column":1}},"3":{"start":{"line":43,"column":0},"end":{"line":43,"column":52}}},"fnMap":{},"branchMap":{},"s":{"0":8,"1":8,"2":8,"3":8},"f":{},"b":{},"_coverageSchema":"1a1c01bbd47fc00a2c39e90264f33305004495a9","hash":"3e8ab509f40869684968991fb084302c8eae1ea2"}
,"/Users/remi/Downloads/Temple/CIS/3296/projects/final-project-02-gMatch/apps/server/src/models/User.js": {"path":"/Users/remi/Downloads/Temple/CIS/3296/projects/final-project-02-gMatch/apps/server/src/models/User.js","statementMap":{"0":{"start":{"line":1,"column":17},"end":{"line":1,"column":36}},"1":{"start":{"line":3,"column":19},"end":{"line":45,"column":1}},"2":{"start":{"line":47,"column":0},"end":{"line":47,"column":52}}},"fnMap":{},"branchMap":{},"s":{"0":9,"1":9,"2":9},"f":{},"b":{},"_coverageSchema":"1a1c01bbd47fc00a2c39e90264f33305004495a9","hash":"8cb058994322c4c859bd8a829adf10bf4c1e5caf"}
,"/Users/remi/Downloads/Temple/CIS/3296/projects/final-project-02-gMatch/apps/server/src/models/Workspace.js": {"path":"/Users/remi/Downloads/Temple/CIS/3296/projects/final-project-02-gMatch/apps/server/src/models/Workspace.js","statementMap":{"0":{"start":{"line":1,"column":17},"end":{"line":1,"column":36}},"1":{"start":{"line":3,"column":24},"end":{"line":54,"column":1}},"2":{"start":{"line":56,"column":0},"end":{"line":56,"column":62}}},"fnMap":{},"branchMap":{},"s":{"0":3,"1":3,"2":3},"f":{},"b":{},"_coverageSchema":"1a1c01bbd47fc00a2c39e90264f33305004495a9","hash":"3f037ce4998d6df09d517110ed35f9e6128ecb49"}
,"/Users/remi/Downloads/Temple/CIS/3296/projects/final-project-02-gMatch/apps/server/src/routes/auth.js": {"path":"/Users/remi/Downloads/Temple/CIS/3296/projects/final-project-02-gMatch/apps/server/src/routes/auth.js","statementMap":{"0":{"start":{"line":1,"column":16},"end":{"line":1,"column":34}},"1":{"start":{"line":2,"column":15},"end":{"line":2,"column":31}},"2":{"start":{"line":3,"column":13},"end":{"line":3,"column":38}},"3":{"start":{"line":4,"column":24},"end":{"line":4,"column":53}},"4":{"start":{"line":11,"column":0},"end":{"line":44,"column":3}},"5":{"start":{"line":12,"column":2},"end":{"line":43,"column":3}},"6":{"start":{"line":13,"column":60},"end":{"line":13,"column":68}},"7":{"start":{"line":15,"column":4},"end":{"line":17,"column":5}},"8":{"start":{"line":16,"column":6},"end":{"line":16,"column":66}},"9":{"start":{"line":19,"column":15},"end":{"line":19,"column":44}},"10":{"start":{"line":21,"column":4},"end":{"line":37,"column":5}},"11":{"start":{"line":22,"column":6},"end":{"line":28,"column":9}},"12":{"start":{"line":31,"column":6},"end":{"line":31,"column":33}},"13":{"start":{"line":31,"column":16},"end":{"line":31,"column":33}},"14":{"start":{"line":32,"column":6},"end":{"line":32,"column":39}},"15":{"start":{"line":32,"column":18},"end":{"line":32,"column":39}},"16":{"start":{"line":33,"column":6},"end":{"line":33,"column":60}},"17":{"start":{"line":33,"column":25},"end":{"line":33,"column":60}},"18":{"start":{"line":34,"column":6},"end":{"line":34,"column":42}},"19":{"start":{"line":34,"column":19},"end":{"line":34,"column":42}},"20":{"start":{"line":36,"column":6},"end":{"line":36,"column":24}},"21":{"start":{"line":39,"column":4},"end":{"line":39,"column":19}},"22":{"start":{"line":41,"column":4},"end":{"line":41,"column":54}},"23":{"start":{"line":42,"column":4},"end":{"line":42,"column":61}},"24":{"start":{"line":50,"column":0},"end":{"line":69,"column":3}},"25":{"start":{"line":51,"column":2},"end":{"line":68,"column":3}},"26":{"start":{"line":52,"column":19},"end":{"line":52,"column":31}},"27":{"start":{"line":58,"column":17},"end":{"line":58,"column":52}},"28":{"start":{"line":60,"column":4},"end":{"line":62,"column":5}},"29":{"start":{"line":61,"column":6},"end":{"line":61,"column":63}},"30":{"start":{"line":64,"column":4},"end":{"line":64,"column":19}},"31":{"start":{"line":66,"column":4},"end":{"line":66,"column":51}},"32":{"start":{"line":67,"column":4},"end":{"line":67,"column":61}},"33":{"start":{"line":75,"column":0},"end":{"line":102,"column":3}},"34":{"start":{"line":76,"column":2},"end":{"line":101,"column":3}},"35":{"start":{"line":77,"column":28},"end":{"line":77,"column":36}},"36":{"start":{"line":79,"column":4},"end":{"line":81,"column":5}},"37":{"start":{"line":80,"column":6},"end":{"line":80,"column":76}},"38":{"start":{"line":83,"column":4},"end":{"line":85,"column":5}},"39":{"start":{"line":84,"column":6},"end":{"line":84,"column":86}},"40":{"start":{"line":87,"column":17},"end":{"line":91,"column":5}},"41":{"start":{"line":93,"column":4},"end":{"line":95,"column":5}},"42":{"start":{"line":94,"column":6},"end":{"line":94,"column":63}},"43":{"start":{"line":97,"column":4},"end":{"line":97,"column":19}},"44":{"start":{"line":99,"column":4},"end":{"line":99,"column":60}},"45":{"start":{"line":100,"column":4},"end":{"line":100,"column":61}},"46":{"start":{"line":108,"column":0},"end":{"line":142,"column":3}},"47":{"start":{"line":109,"column":2},"end":{"line":141,"column":3}},"48":{"start":{"line":110,"column":41},"end":{"line":110,"column":49}},"49":{"start":{"line":116,"column":19},"end":{"line":116,"column":21}},"50":{"start":{"line":118,"column":4},"end":{"line":118,"column":54}},"51":{"start":{"line":118,"column":28},"end":{"line":118,"column":54}},"52":{"start":{"line":119,"column":4},"end":{"line":119,"column":65}},"53":{"start":{"line":119,"column":27},"end":{"line":119,"column":65}},"54":{"start":{"line":121,"column":4},"end":{"line":125,"column":5}},"55":{"start":{"line":122,"column":6},"end":{"line":124,"column":37}},"56":{"start":{"line":123,"column":20},"end":{"line":123,"column":28}},"57":{"start":{"line":124,"column":23},"end":{"line":124,"column":35}},"58":{"start":{"line":127,"column":17},"end":{"line":131,"column":5}},"59":{"start":{"line":133,"column":4},"end":{"line":135,"column":5}},"60":{"start":{"line":134,"column":6},"end":{"line":134,"column":63}},"61":{"start":{"line":137,"column":4},"end":{"line":137,"column":19}},"62":{"start":{"line":139,"column":4},"end":{"line":139,"column":63}},"63":{"start":{"line":140,"column":4},"end":{"line":140,"column":61}},"64":{"start":{"line":144,"column":0},"end":{"line":144,"column":24}}},"fnMap":{"0":{"name":"(anonymous_0)","decl":{"start":{"line":11,"column":22},"end":{"line":11,"column":23}},"loc":{"start":{"line":11,"column":42},"end":{"line":44,"column":1}},"line":11},"1":{"name":"(anonymous_1)","decl":{"start":{"line":50,"column":31},"end":{"line":50,"column":32}},"loc":{"start":{"line":50,"column":51},"end":{"line":69,"column":1}},"line":50},"2":{"name":"(anonymous_2)","decl":{"start":{"line":75,"column":22},"end":{"line":75,"column":23}},"loc":{"start":{"line":75,"column":42},"end":{"line":102,"column":1}},"line":75},"3":{"name":"(anonymous_3)","decl":{"start":{"line":108,"column":38},"end":{"line":108,"column":39}},"loc":{"start":{"line":108,"column":58},"end":{"line":142,"column":1}},"line":108},"4":{"name":"(anonymous_4)","decl":{"start":{"line":123,"column":13},"end":{"line":123,"column":14}},"loc":{"start":{"line":123,"column":20},"end":{"line":123,"column":28}},"line":123},"5":{"name":"(anonymous_5)","decl":{"start":{"line":124,"column":16},"end":{"line":124,"column":17}},"loc":{"start":{"line":124,"column":23},"end":{"line":124,"column":35}},"line":124}},"branchMap":{"0":{"loc":{"start":{"line":15,"column":4},"end":{"line":17,"column":5}},"type":"if","locations":[{"start":{"line":15,"column":4},"end":{"line":17,"column":5}},{"start":{},"end":{}}],"line":15},"1":{"loc":{"start":{"line":21,"column":4},"end":{"line":37,"column":5}},"type":"if","locations":[{"start":{"line":21,"column":4},"end":{"line":37,"column":5}},{"start":{"line":29,"column":11},"end":{"line":37,"column":5}}],"line":21},"2":{"loc":{"start":{"line":23,"column":14},"end":{"line":23,"column":41}},"type":"binary-expr","locations":[{"start":{"line":23,"column":14},"end":{"line":23,"column":18}},{"start":{"line":23,"column":22},"end":{"line":23,"column":41}}],"line":23},"3":{"loc":{"start":{"line":25,"column":16},"end":{"line":25,"column":28}},"type":"binary-expr","locations":[{"start":{"line":25,"column":16},"end":{"line":25,"column":22}},{"start":{"line":25,"column":26},"end":{"line":25,"column":28}}],"line":25},"4":{"loc":{"start":{"line":31,"column":6},"end":{"line":31,"column":33}},"type":"if","locations":[{"start":{"line":31,"column":6},"end":{"line":31,"column":33}},{"start":{},"end":{}}],"line":31},"5":{"loc":{"start":{"line":32,"column":6},"end":{"line":32,"column":39}},"type":"if","locations":[{"start":{"line":32,"column":6},"end":{"line":32,"column":39}},{"start":{},"end":{}}],"line":32},"6":{"loc":{"start":{"line":33,"column":6},"end":{"line":33,"column":60}},"type":"if","locations":[{"start":{"line":33,"column":6},"end":{"line":33,"column":60}},{"start":{},"end":{}}],"line":33},"7":{"loc":{"start":{"line":34,"column":6},"end":{"line":34,"column":42}},"type":"if","locations":[{"start":{"line":34,"column":6},"end":{"line":34,"column":42}},{"start":{},"end":{}}],"line":34},"8":{"loc":{"start":{"line":60,"column":4},"end":{"line":62,"column":5}},"type":"if","locations":[{"start":{"line":60,"column":4},"end":{"line":62,"column":5}},{"start":{},"end":{}}],"line":60},"9":{"loc":{"start":{"line":79,"column":4},"end":{"line":81,"column":5}},"type":"if","locations":[{"start":{"line":79,"column":4},"end":{"line":81,"column":5}},{"start":{},"end":{}}],"line":79},"10":{"loc":{"start":{"line":79,"column":8},"end":{"line":79,"column":23}},"type":"binary-expr","locations":[{"start":{"line":79,"column":8},"end":{"line":79,"column":14}},{"start":{"line":79,"column":18},"end":{"line":79,"column":23}}],"line":79},"11":{"loc":{"start":{"line":83,"column":4},"end":{"line":85,"column":5}},"type":"if","locations":[{"start":{"line":83,"column":4},"end":{"line":85,"column":5}},{"start":{},"end":{}}],"line":83},"12":{"loc":{"start":{"line":93,"column":4},"end":{"line":95,"column":5}},"type":"if","locations":[{"start":{"line":93,"column":4},"end":{"line":95,"column":5}},{"start":{},"end":{}}],"line":93},"13":{"loc":{"start":{"line":118,"column":4},"end":{"line":118,"column":54}},"type":"if","locations":[{"start":{"line":118,"column":4},"end":{"line":118,"column":54}},{"start":{},"end":{}}],"line":118},"14":{"loc":{"start":{"line":119,"column":4},"end":{"line":119,"column":65}},"type":"if","locations":[{"start":{"line":119,"column":4},"end":{"line":119,"column":65}},{"start":{},"end":{}}],"line":119},"15":{"loc":{"start":{"line":121,"column":4},"end":{"line":125,"column":5}},"type":"if","locations":[{"start":{"line":121,"column":4},"end":{"line":125,"column":5}},{"start":{},"end":{}}],"line":121},"16":{"loc":{"start":{"line":133,"column":4},"end":{"line":135,"column":5}},"type":"if","locations":[{"start":{"line":133,"column":4},"end":{"line":135,"column":5}},{"start":{},"end":{}}],"line":133}},"s":{"0":11,"1":11,"2":11,"3":11,"4":11,"5":4,"6":4,"7":4,"8":1,"9":3,"10":2,"11":1,"12":1,"13":1,"14":1,"15":1,"16":1,"17":1,"18":1,"19":1,"20":1,"21":2,"22":1,"23":1,"24":11,"25":3,"26":3,"27":3,"28":2,"29":1,"30":1,"31":1,"32":1,"33":11,"34":5,"35":5,"36":5,"37":1,"38":4,"39":1,"40":3,"41":2,"42":1,"43":1,"44":1,"45":1,"46":11,"47":3,"48":3,"49":3,"50":3,"51":3,"52":3,"53":1,"54":3,"55":1,"56":2,"57":2,"58":3,"59":2,"60":1,"61":1,"62":1,"63":1,"64":11},"f":{"0":4,"1":3,"2":5,"3":3,"4":2,"5":2},"b":{"0":[1,3],"1":[1,1],"2":[1,0],"3":[1,0],"4":[1,0],"5":[1,0],"6":[1,0],"7":[1,0],"8":[1,1],"9":[1,4],"10":[5,5],"11":[1,3],"12":[1,1],"13":[3,0],"14":[1,2],"15":[1,2],"16":[1,1]},"_coverageSchema":"1a1c01bbd47fc00a2c39e90264f33305004495a9","hash":"99ce01b8ed571658f69f3826b82af9ade4d8effe"}
,"/Users/remi/Downloads/Temple/CIS/3296/projects/final-project-02-gMatch/apps/server/src/routes/forms.js": {"path":"/Users/remi/Downloads/Temple/CIS/3296/projects/final-project-02-gMatch/apps/server/src/routes/forms.js","statementMap":{"0":{"start":{"line":1,"column":16},"end":{"line":1,"column":34}},"1":{"start":{"line":2,"column":15},"end":{"line":2,"column":31}},"2":{"start":{"line":3,"column":17},"end":{"line":3,"column":36}},"3":{"start":{"line":4,"column":13},"end":{"line":4,"column":38}},"4":{"start":{"line":5,"column":18},"end":{"line":5,"column":48}},"5":{"start":{"line":6,"column":24},"end":{"line":6,"column":53}},"6":{"start":{"line":9,"column":0},"end":{"line":34,"column":3}},"7":{"start":{"line":10,"column":2},"end":{"line":33,"column":3}},"8":{"start":{"line":11,"column":28},"end":{"line":11,"column":38}},"9":{"start":{"line":13,"column":4},"end":{"line":15,"column":5}},"10":{"start":{"line":14,"column":6},"end":{"line":14,"column":71}},"11":{"start":{"line":17,"column":22},"end":{"line":17,"column":59}},"12":{"start":{"line":19,"column":4},"end":{"line":21,"column":5}},"13":{"start":{"line":20,"column":6},"end":{"line":20,"column":70}},"14":{"start":{"line":23,"column":17},"end":{"line":23,"column":52}},"15":{"start":{"line":25,"column":4},"end":{"line":27,"column":7}},"16":{"start":{"line":29,"column":4},"end":{"line":32,"column":7}},"17":{"start":{"line":37,"column":0},"end":{"line":86,"column":3}},"18":{"start":{"line":38,"column":2},"end":{"line":85,"column":3}},"19":{"start":{"line":39,"column":28},"end":{"line":39,"column":38}},"20":{"start":{"line":40,"column":26},"end":{"line":40,"column":34}},"21":{"start":{"line":42,"column":4},"end":{"line":44,"column":5}},"22":{"start":{"line":43,"column":6},"end":{"line":43,"column":71}},"23":{"start":{"line":46,"column":4},"end":{"line":48,"column":5}},"24":{"start":{"line":47,"column":6},"end":{"line":47,"column":77}},"25":{"start":{"line":50,"column":22},"end":{"line":50,"column":59}},"26":{"start":{"line":52,"column":4},"end":{"line":54,"column":5}},"27":{"start":{"line":53,"column":6},"end":{"line":53,"column":70}},"28":{"start":{"line":56,"column":29},"end":{"line":68,"column":43}},"29":{"start":{"line":57,"column":33},"end":{"line":67,"column":7}},"30":{"start":{"line":65,"column":45},"end":{"line":65,"column":66}},"31":{"start":{"line":68,"column":28},"end":{"line":68,"column":42}},"32":{"start":{"line":70,"column":17},"end":{"line":74,"column":5}},"33":{"start":{"line":76,"column":4},"end":{"line":79,"column":7}},"34":{"start":{"line":81,"column":4},"end":{"line":84,"column":7}},"35":{"start":{"line":88,"column":0},"end":{"line":88,"column":24}}},"fnMap":{"0":{"name":"(anonymous_0)","decl":{"start":{"line":9,"column":41},"end":{"line":9,"column":42}},"loc":{"start":{"line":9,"column":61},"end":{"line":34,"column":1}},"line":9},"1":{"name":"(anonymous_1)","decl":{"start":{"line":37,"column":41},"end":{"line":37,"column":42}},"loc":{"start":{"line":37,"column":61},"end":{"line":86,"column":1}},"line":37},"2":{"name":"(anonymous_2)","decl":{"start":{"line":57,"column":11},"end":{"line":57,"column":12}},"loc":{"start":{"line":57,"column":33},"end":{"line":67,"column":7}},"line":57},"3":{"name":"(anonymous_3)","decl":{"start":{"line":65,"column":33},"end":{"line":65,"column":34}},"loc":{"start":{"line":65,"column":45},"end":{"line":65,"column":66}},"line":65},"4":{"name":"(anonymous_4)","decl":{"start":{"line":68,"column":14},"end":{"line":68,"column":15}},"loc":{"start":{"line":68,"column":28},"end":{"line":68,"column":42}},"line":68}},"branchMap":{"0":{"loc":{"start":{"line":13,"column":4},"end":{"line":15,"column":5}},"type":"if","locations":[{"start":{"line":13,"column":4},"end":{"line":15,"column":5}},{"start":{},"end":{}}],"line":13},"1":{"loc":{"start":{"line":19,"column":4},"end":{"line":21,"column":5}},"type":"if","locations":[{"start":{"line":19,"column":4},"end":{"line":21,"column":5}},{"start":{},"end":{}}],"line":19},"2":{"loc":{"start":{"line":26,"column":12},"end":{"line":26,"column":50}},"type":"binary-expr","locations":[{"start":{"line":26,"column":12},"end":{"line":26,"column":16}},{"start":{"line":26,"column":20},"end":{"line":26,"column":50}}],"line":26},"3":{"loc":{"start":{"line":42,"column":4},"end":{"line":44,"column":5}},"type":"if","locations":[{"start":{"line":42,"column":4},"end":{"line":44,"column":5}},{"start":{},"end":{}}],"line":42},"4":{"loc":{"start":{"line":46,"column":4},"end":{"line":48,"column":5}},"type":"if","locations":[{"start":{"line":46,"column":4},"end":{"line":48,"column":5}},{"start":{},"end":{}}],"line":46},"5":{"loc":{"start":{"line":52,"column":4},"end":{"line":54,"column":5}},"type":"if","locations":[{"start":{"line":52,"column":4},"end":{"line":54,"column":5}},{"start":{},"end":{}}],"line":52},"6":{"loc":{"start":{"line":58,"column":19},"end":{"line":58,"column":49}},"type":"binary-expr","locations":[{"start":{"line":58,"column":19},"end":{"line":58,"column":30}},{"start":{"line":58,"column":34},"end":{"line":58,"column":49}}],"line":58},"7":{"loc":{"start":{"line":59,"column":14},"end":{"line":61,"column":29}},"type":"cond-expr","locations":[{"start":{"line":60,"column":12},"end":{"line":60,"column":25}},{"start":{"line":61,"column":12},"end":{"line":61,"column":29}}],"line":59},"8":{"loc":{"start":{"line":62,"column":22},"end":{"line":62,"column":42}},"type":"binary-expr","locations":[{"start":{"line":62,"column":22},"end":{"line":62,"column":36}},{"start":{"line":62,"column":40},"end":{"line":62,"column":42}}],"line":62},"9":{"loc":{"start":{"line":63,"column":20},"end":{"line":63,"column":38}},"type":"binary-expr","locations":[{"start":{"line":63,"column":20},"end":{"line":63,"column":32}},{"start":{"line":63,"column":36},"end":{"line":63,"column":38}}],"line":63},"10":{"loc":{"start":{"line":64,"column":17},"end":{"line":66,"column":14}},"type":"cond-expr","locations":[{"start":{"line":65,"column":12},"end":{"line":65,"column":83}},{"start":{"line":66,"column":12},"end":{"line":66,"column":14}}],"line":64}},"s":{"0":11,"1":11,"2":11,"3":11,"4":11,"5":11,"6":11,"7":5,"8":5,"9":5,"10":1,"11":4,"12":3,"13":1,"14":2,"15":2,"16":1,"17":11,"18":5,"19":5,"20":5,"21":5,"22":1,"23":4,"24":1,"25":3,"26":3,"27":1,"28":2,"29":5,"30":8,"31":5,"32":2,"33":1,"34":1,"35":11},"f":{"0":5,"1":5,"2":5,"3":8,"4":5},"b":{"0":[1,4],"1":[1,2],"2":[2,1],"3":[1,4],"4":[1,3],"5":[1,2],"6":[5,0],"7":[4,1],"8":[5,0],"9":[5,0],"10":[5,0]},"_coverageSchema":"1a1c01bbd47fc00a2c39e90264f33305004495a9","hash":"c13b574610539915e8c43d670fdeaacd35f1ed9b"}
,"/Users/remi/Downloads/Temple/CIS/3296/projects/final-project-02-gMatch/apps/server/src/routes/notifications.js": {"path":"/Users/remi/Downloads/Temple/CIS/3296/projects/final-project-02-gMatch/apps/server/src/routes/notifications.js","statementMap":{"0":{"start":{"line":1,"column":16},"end":{"line":1,"column":34}},"1":{"start":{"line":2,"column":15},"end":{"line":2,"column":31}},"2":{"start":{"line":3,"column":17},"end":{"line":3,"column":36}},"3":{"start":{"line":4,"column":21},"end":{"line":4,"column":54}},"4":{"start":{"line":5,"column":24},"end":{"line":5,"column":53}},"5":{"start":{"line":8,"column":0},"end":{"line":19,"column":3}},"6":{"start":{"line":9,"column":2},"end":{"line":18,"column":3}},"7":{"start":{"line":10,"column":26},"end":{"line":12,"column":30}},"8":{"start":{"line":14,"column":4},"end":{"line":14,"column":39}},"9":{"start":{"line":16,"column":4},"end":{"line":16,"column":56}},"10":{"start":{"line":17,"column":4},"end":{"line":17,"column":76}},"11":{"start":{"line":22,"column":0},"end":{"line":38,"column":3}},"12":{"start":{"line":23,"column":2},"end":{"line":37,"column":3}},"13":{"start":{"line":24,"column":25},"end":{"line":28,"column":5}},"14":{"start":{"line":30,"column":4},"end":{"line":32,"column":5}},"15":{"start":{"line":31,"column":6},"end":{"line":31,"column":71}},"16":{"start":{"line":34,"column":4},"end":{"line":34,"column":38}},"17":{"start":{"line":36,"column":4},"end":{"line":36,"column":76}},"18":{"start":{"line":41,"column":0},"end":{"line":51,"column":3}},"19":{"start":{"line":42,"column":2},"end":{"line":50,"column":3}},"20":{"start":{"line":43,"column":4},"end":{"line":46,"column":6}},"21":{"start":{"line":47,"column":4},"end":{"line":47,"column":69}},"22":{"start":{"line":49,"column":4},"end":{"line":49,"column":77}},"23":{"start":{"line":53,"column":0},"end":{"line":53,"column":24}}},"fnMap":{"0":{"name":"(anonymous_0)","decl":{"start":{"line":8,"column":29},"end":{"line":8,"column":30}},"loc":{"start":{"line":8,"column":49},"end":{"line":19,"column":1}},"line":8},"1":{"name":"(anonymous_1)","decl":{"start":{"line":22,"column":39},"end":{"line":22,"column":40}},"loc":{"start":{"line":22,"column":59},"end":{"line":38,"column":1}},"line":22},"2":{"name":"(anonymous_2)","decl":{"start":{"line":41,"column":39},"end":{"line":41,"column":40}},"loc":{"start":{"line":41,"column":59},"end":{"line":51,"column":1}},"line":41}},"branchMap":{"0":{"loc":{"start":{"line":30,"column":4},"end":{"line":32,"column":5}},"type":"if","locations":[{"start":{"line":30,"column":4},"end":{"line":32,"column":5}},{"start":{},"end":{}}],"line":30}},"s":{"0":11,"1":11,"2":11,"3":11,"4":11,"5":11,"6":2,"7":2,"8":1,"9":1,"10":1,"11":11,"12":3,"13":3,"14":2,"15":1,"16":1,"17":1,"18":11,"19":2,"20":2,"21":1,"22":1,"23":11},"f":{"0":2,"1":3,"2":2},"b":{"0":[1,1]},"_coverageSchema":"1a1c01bbd47fc00a2c39e90264f33305004495a9","hash":"fade542f5004c33777a1744f76cd1501116be1d5"}
,"/Users/remi/Downloads/Temple/CIS/3296/projects/final-project-02-gMatch/apps/server/src/routes/responses.js": {"path":"/Users/remi/Downloads/Temple/CIS/3296/projects/final-project-02-gMatch/apps/server/src/routes/responses.js","statementMap":{"0":{"start":{"line":1,"column":16},"end":{"line":1,"column":34}},"1":{"start":{"line":2,"column":15},"end":{"line":2,"column":31}},"2":{"start":{"line":3,"column":17},"end":{"line":3,"column":36}},"3":{"start":{"line":4,"column":17},"end":{"line":4,"column":46}},"4":{"start":{"line":5,"column":18},"end":{"line":5,"column":48}},"5":{"start":{"line":6,"column":21},"end":{"line":6,"column":54}},"6":{"start":{"line":7,"column":24},"end":{"line":7,"column":53}},"7":{"start":{"line":21,"column":2},"end":{"line":21,"column":52}},"8":{"start":{"line":21,"column":42},"end":{"line":21,"column":52}},"9":{"start":{"line":23,"column":15},"end":{"line":23,"column":17}},"10":{"start":{"line":25,"column":2},"end":{"line":41,"column":3}},"11":{"start":{"line":26,"column":4},"end":{"line":40,"column":5}},"12":{"start":{"line":28,"column":20},"end":{"line":28,"column":36}},"13":{"start":{"line":29,"column":6},"end":{"line":34,"column":7}},"14":{"start":{"line":30,"column":20},"end":{"line":30,"column":28}},"15":{"start":{"line":31,"column":21},"end":{"line":31,"column":45}},"16":{"start":{"line":32,"column":8},"end":{"line":32,"column":39}},"17":{"start":{"line":32,"column":24},"end":{"line":32,"column":39}},"18":{"start":{"line":33,"column":8},"end":{"line":33,"column":60}},"19":{"start":{"line":33,"column":39},"end":{"line":33,"column":60}},"20":{"start":{"line":35,"column":11},"end":{"line":40,"column":5}},"21":{"start":{"line":36,"column":42},"end":{"line":36,"column":47}},"22":{"start":{"line":37,"column":19},"end":{"line":37,"column":44}},"23":{"start":{"line":38,"column":6},"end":{"line":38,"column":37}},"24":{"start":{"line":38,"column":22},"end":{"line":38,"column":37}},"25":{"start":{"line":39,"column":6},"end":{"line":39,"column":58}},"26":{"start":{"line":39,"column":37},"end":{"line":39,"column":58}},"27":{"start":{"line":43,"column":2},"end":{"line":43,"column":14}},"28":{"start":{"line":51,"column":2},"end":{"line":51,"column":32}},"29":{"start":{"line":51,"column":22},"end":{"line":51,"column":32}},"30":{"start":{"line":52,"column":2},"end":{"line":54,"column":3}},"31":{"start":{"line":53,"column":4},"end":{"line":53,"column":37}},"32":{"start":{"line":55,"column":2},"end":{"line":55,"column":31}},"33":{"start":{"line":59,"column":2},"end":{"line":62,"column":65}},"34":{"start":{"line":61,"column":20},"end":{"line":61,"column":54}},"35":{"start":{"line":62,"column":35},"end":{"line":62,"column":63}},"36":{"start":{"line":66,"column":20},"end":{"line":66,"column":22}},"37":{"start":{"line":68,"column":2},"end":{"line":98,"column":3}},"38":{"start":{"line":68,"column":15},"end":{"line":68,"column":16}},"39":{"start":{"line":69,"column":4},"end":{"line":97,"column":5}},"40":{"start":{"line":69,"column":17},"end":{"line":69,"column":22}},"41":{"start":{"line":70,"column":16},"end":{"line":70,"column":28}},"42":{"start":{"line":71,"column":16},"end":{"line":71,"column":28}},"43":{"start":{"line":73,"column":20},"end":{"line":73,"column":44}},"44":{"start":{"line":74,"column":20},"end":{"line":74,"column":44}},"45":{"start":{"line":76,"column":23},"end":{"line":76,"column":28}},"46":{"start":{"line":78,"column":6},"end":{"line":87,"column":7}},"47":{"start":{"line":78,"column":13},"end":{"line":87,"column":7}},"48":{"start":{"line":79,"column":8},"end":{"line":86,"column":9}},"49":{"start":{"line":80,"column":10},"end":{"line":85,"column":11}},"50":{"start":{"line":81,"column":12},"end":{"line":84,"column":13}},"51":{"start":{"line":82,"column":14},"end":{"line":82,"column":32}},"52":{"start":{"line":83,"column":14},"end":{"line":83,"column":26}},"53":{"start":{"line":89,"column":6},"end":{"line":96,"column":7}},"54":{"start":{"line":90,"column":8},"end":{"line":95,"column":11}},"55":{"start":{"line":100,"column":2},"end":{"line":100,"column":19}},"56":{"start":{"line":107,"column":0},"end":{"line":176,"column":3}},"57":{"start":{"line":108,"column":2},"end":{"line":175,"column":3}},"58":{"start":{"line":109,"column":71},"end":{"line":109,"column":79}},"59":{"start":{"line":111,"column":4},"end":{"line":113,"column":5}},"60":{"start":{"line":112,"column":6},"end":{"line":112,"column":72}},"61":{"start":{"line":116,"column":24},"end":{"line":118,"column":12}},"62":{"start":{"line":117,"column":28},"end":{"line":117,"column":59}},"63":{"start":{"line":120,"column":29},"end":{"line":120,"column":70}},"64":{"start":{"line":123,"column":24},"end":{"line":137,"column":5}},"65":{"start":{"line":140,"column":25},"end":{"line":142,"column":6}},"66":{"start":{"line":144,"column":22},"end":{"line":144,"column":51}},"67":{"start":{"line":147,"column":22},"end":{"line":147,"column":59}},"68":{"start":{"line":148,"column":4},"end":{"line":165,"column":5}},"69":{"start":{"line":149,"column":6},"end":{"line":152,"column":9}},"70":{"start":{"line":155,"column":6},"end":{"line":164,"column":7}},"71":{"start":{"line":156,"column":8},"end":{"line":159,"column":11}},"72":{"start":{"line":160,"column":8},"end":{"line":163,"column":11}},"73":{"start":{"line":167,"column":4},"end":{"line":171,"column":7}},"74":{"start":{"line":173,"column":4},"end":{"line":173,"column":49}},"75":{"start":{"line":174,"column":4},"end":{"line":174,"column":70}},"76":{"start":{"line":181,"column":0},"end":{"line":200,"column":3}},"77":{"start":{"line":182,"column":2},"end":{"line":199,"column":3}},"78":{"start":{"line":183,"column":28},"end":{"line":183,"column":37}},"79":{"start":{"line":184,"column":4},"end":{"line":186,"column":5}},"80":{"start":{"line":185,"column":6},"end":{"line":185,"column":72}},"81":{"start":{"line":188,"column":22},"end":{"line":190,"column":53}},"82":{"start":{"line":193,"column":22},"end":{"line":193,"column":48}},"83":{"start":{"line":195,"column":4},"end":{"line":195,"column":83}},"84":{"start":{"line":197,"column":4},"end":{"line":197,"column":52}},"85":{"start":{"line":198,"column":4},"end":{"line":198,"column":72}},"86":{"start":{"line":205,"column":0},"end":{"line":222,"column":3}},"87":{"start":{"line":206,"column":2},"end":{"line":221,"column":3}},"88":{"start":{"line":207,"column":28},"end":{"line":207,"column":37}},"89":{"start":{"line":208,"column":4},"end":{"line":210,"column":5}},"90":{"start":{"line":209,"column":6},"end":{"line":209,"column":72}},"91":{"start":{"line":212,"column":21},"end":{"line":215,"column":6}},"92":{"start":{"line":217,"column":4},"end":{"line":217,"column":52}},"93":{"start":{"line":219,"column":4},"end":{"line":219,"column":55}},"94":{"start":{"line":220,"column":4},"end":{"line":220,"column":71}},"95":{"start":{"line":224,"column":0},"end":{"line":224,"column":24}}},"fnMap":{"0":{"name":"buildAvailabilityGrid","decl":{"start":{"line":20,"column":9},"end":{"line":20,"column":30}},"loc":{"start":{"line":20,"column":51},"end":{"line":44,"column":1}},"line":20},"1":{"name":"toIdString","decl":{"start":{"line":50,"column":9},"end":{"line":50,"column":19}},"loc":{"start":{"line":50,"column":35},"end":{"line":56,"column":1}},"line":50},"2":{"name":"normalizeEmailList","decl":{"start":{"line":58,"column":9},"end":{"line":58,"column":27}},"loc":{"start":{"line":58,"column":39},"end":{"line":63,"column":1}},"line":58},"3":{"name":"(anonymous_3)","decl":{"start":{"line":61,"column":9},"end":{"line":61,"column":10}},"loc":{"start":{"line":61,"column":20},"end":{"line":61,"column":54}},"line":61},"4":{"name":"(anonymous_4)","decl":{"start":{"line":62,"column":12},"end":{"line":62,"column":13}},"loc":{"start":{"line":62,"column":35},"end":{"line":62,"column":63}},"line":62},"5":{"name":"detectConflicts","decl":{"start":{"line":65,"column":9},"end":{"line":65,"column":24}},"loc":{"start":{"line":65,"column":36},"end":{"line":101,"column":1}},"line":65},"6":{"name":"(anonymous_6)","decl":{"start":{"line":107,"column":30},"end":{"line":107,"column":31}},"loc":{"start":{"line":107,"column":50},"end":{"line":176,"column":1}},"line":107},"7":{"name":"(anonymous_7)","decl":{"start":{"line":117,"column":21},"end":{"line":117,"column":22}},"loc":{"start":{"line":117,"column":28},"end":{"line":117,"column":59}},"line":117},"8":{"name":"(anonymous_8)","decl":{"start":{"line":181,"column":16},"end":{"line":181,"column":17}},"loc":{"start":{"line":181,"column":36},"end":{"line":200,"column":1}},"line":181},"9":{"name":"(anonymous_9)","decl":{"start":{"line":205,"column":31},"end":{"line":205,"column":32}},"loc":{"start":{"line":205,"column":51},"end":{"line":222,"column":1}},"line":205}},"branchMap":{"0":{"loc":{"start":{"line":21,"column":2},"end":{"line":21,"column":52}},"type":"if","locations":[{"start":{"line":21,"column":2},"end":{"line":21,"column":52}},{"start":{},"end":{}}],"line":21},"1":{"loc":{"start":{"line":26,"column":4},"end":{"line":40,"column":5}},"type":"if","locations":[{"start":{"line":26,"column":4},"end":{"line":40,"column":5}},{"start":{"line":35,"column":11},"end":{"line":40,"column":5}}],"line":26},"2":{"loc":{"start":{"line":29,"column":6},"end":{"line":34,"column":7}},"type":"if","locations":[{"start":{"line":29,"column":6},"end":{"line":34,"column":7}},{"start":{},"end":{}}],"line":29},"3":{"loc":{"start":{"line":32,"column":8},"end":{"line":32,"column":39}},"type":"if","locations":[{"start":{"line":32,"column":8},"end":{"line":32,"column":39}},{"start":{},"end":{}}],"line":32},"4":{"loc":{"start":{"line":33,"column":8},"end":{"line":33,"column":60}},"type":"if","locations":[{"start":{"line":33,"column":8},"end":{"line":33,"column":60}},{"start":{},"end":{}}],"line":33},"5":{"loc":{"start":{"line":35,"column":11},"end":{"line":40,"column":5}},"type":"if","locations":[{"start":{"line":35,"column":11},"end":{"line":40,"column":5}},{"start":{},"end":{}}],"line":35},"6":{"loc":{"start":{"line":35,"column":15},"end":{"line":35,"column":69}},"type":"binary-expr","locations":[{"start":{"line":35,"column":15},"end":{"line":35,"column":20}},{"start":{"line":35,"column":24},"end":{"line":35,"column":33}},{"start":{"line":35,"column":37},"end":{"line":35,"column":52}},{"start":{"line":35,"column":56},"end":{"line":35,"column":69}}],"line":35},"7":{"loc":{"start":{"line":38,"column":6},"end":{"line":38,"column":37}},"type":"if","locations":[{"start":{"line":38,"column":6},"end":{"line":38,"column":37}},{"start":{},"end":{}}],"line":38},"8":{"loc":{"start":{"line":39,"column":6},"end":{"line":39,"column":58}},"type":"if","locations":[{"start":{"line":39,"column":6},"end":{"line":39,"column":58}},{"start":{},"end":{}}],"line":39},"9":{"loc":{"start":{"line":51,"column":2},"end":{"line":51,"column":32}},"type":"if","locations":[{"start":{"line":51,"column":2},"end":{"line":51,"column":32}},{"start":{},"end":{}}],"line":51},"10":{"loc":{"start":{"line":52,"column":2},"end":{"line":54,"column":3}},"type":"if","locations":[{"start":{"line":52,"column":2},"end":{"line":54,"column":3}},{"start":{},"end":{}}],"line":52},"11":{"loc":{"start":{"line":52,"column":6},"end":{"line":52,"column":60}},"type":"binary-expr","locations":[{"start":{"line":52,"column":6},"end":{"line":52,"column":39}},{"start":{"line":52,"column":43},"end":{"line":52,"column":60}}],"line":52},"12":{"loc":{"start":{"line":58,"column":28},"end":{"line":58,"column":37}},"type":"default-arg","locations":[{"start":{"line":58,"column":35},"end":{"line":58,"column":37}}],"line":58},"13":{"loc":{"start":{"line":73,"column":20},"end":{"line":73,"column":44}},"type":"binary-expr","locations":[{"start":{"line":73,"column":20},"end":{"line":73,"column":38}},{"start":{"line":73,"column":42},"end":{"line":73,"column":44}}],"line":73},"14":{"loc":{"start":{"line":74,"column":20},"end":{"line":74,"column":44}},"type":"binary-expr","locations":[{"start":{"line":74,"column":20},"end":{"line":74,"column":38}},{"start":{"line":74,"column":42},"end":{"line":74,"column":44}}],"line":74},"15":{"loc":{"start":{"line":79,"column":8},"end":{"line":86,"column":9}},"type":"if","locations":[{"start":{"line":79,"column":8},"end":{"line":86,"column":9}},{"start":{},"end":{}}],"line":79},"16":{"loc":{"start":{"line":81,"column":12},"end":{"line":84,"column":13}},"type":"if","locations":[{"start":{"line":81,"column":12},"end":{"line":84,"column":13}},{"start":{},"end":{}}],"line":81},"17":{"loc":{"start":{"line":89,"column":6},"end":{"line":96,"column":7}},"type":"if","locations":[{"start":{"line":89,"column":6},"end":{"line":96,"column":7}},{"start":{},"end":{}}],"line":89},"18":{"loc":{"start":{"line":92,"column":28},"end":{"line":92,"column":57}},"type":"binary-expr","locations":[{"start":{"line":92,"column":28},"end":{"line":92,"column":49}},{"start":{"line":92,"column":53},"end":{"line":92,"column":57}}],"line":92},"19":{"loc":{"start":{"line":94,"column":28},"end":{"line":94,"column":57}},"type":"binary-expr","locations":[{"start":{"line":94,"column":28},"end":{"line":94,"column":49}},{"start":{"line":94,"column":53},"end":{"line":94,"column":57}}],"line":94},"20":{"loc":{"start":{"line":111,"column":4},"end":{"line":113,"column":5}},"type":"if","locations":[{"start":{"line":111,"column":4},"end":{"line":113,"column":5}},{"start":{},"end":{}}],"line":111},"21":{"loc":{"start":{"line":116,"column":24},"end":{"line":118,"column":12}},"type":"cond-expr","locations":[{"start":{"line":117,"column":8},"end":{"line":117,"column":60}},{"start":{"line":118,"column":8},"end":{"line":118,"column":12}}],"line":116},"22":{"loc":{"start":{"line":131,"column":17},"end":{"line":131,"column":54}},"type":"cond-expr","locations":[{"start":{"line":131,"column":42},"end":{"line":131,"column":49}},{"start":{"line":131,"column":52},"end":{"line":131,"column":54}}],"line":131},"23":{"loc":{"start":{"line":148,"column":4},"end":{"line":165,"column":5}},"type":"if","locations":[{"start":{"line":148,"column":4},"end":{"line":165,"column":5}},{"start":{},"end":{}}],"line":148},"24":{"loc":{"start":{"line":148,"column":8},"end":{"line":148,"column":41}},"type":"binary-expr","locations":[{"start":{"line":148,"column":8},"end":{"line":148,"column":17}},{"start":{"line":148,"column":21},"end":{"line":148,"column":41}}],"line":148},"25":{"loc":{"start":{"line":184,"column":4},"end":{"line":186,"column":5}},"type":"if","locations":[{"start":{"line":184,"column":4},"end":{"line":186,"column":5}},{"start":{},"end":{}}],"line":184},"26":{"loc":{"start":{"line":208,"column":4},"end":{"line":210,"column":5}},"type":"if","locations":[{"start":{"line":208,"column":4},"end":{"line":210,"column":5}},{"start":{},"end":{}}],"line":208},"27":{"loc":{"start":{"line":217,"column":32},"end":{"line":217,"column":48}},"type":"binary-expr","locations":[{"start":{"line":217,"column":32},"end":{"line":217,"column":40}},{"start":{"line":217,"column":44},"end":{"line":217,"column":48}}],"line":217}},"s":{"0":11,"1":11,"2":11,"3":11,"4":11,"5":11,"6":11,"7":3,"8":1,"9":2,"10":2,"11":1,"12":0,"13":0,"14":0,"15":0,"16":0,"17":0,"18":0,"19":0,"20":1,"21":1,"22":1,"23":1,"24":1,"25":1,"26":1,"27":2,"28":4,"29":0,"30":4,"31":4,"32":0,"33":6,"34":0,"35":0,"36":3,"37":3,"38":3,"39":5,"40":5,"41":2,"42":2,"43":2,"44":2,"45":2,"46":2,"47":2,"48":2,"49":0,"50":0,"51":0,"52":0,"53":2,"54":2,"55":3,"56":11,"57":4,"58":4,"59":4,"60":1,"61":3,"62":2,"63":3,"64":3,"65":2,"66":2,"67":2,"68":2,"69":1,"70":1,"71":1,"72":1,"73":2,"74":1,"75":1,"76":11,"77":3,"78":3,"79":3,"80":1,"81":2,"82":1,"83":1,"84":1,"85":1,"86":11,"87":4,"88":4,"89":4,"90":1,"91":3,"92":2,"93":1,"94":1,"95":11},"f":{"0":3,"1":4,"2":6,"3":0,"4":0,"5":3,"6":4,"7":2,"8":3,"9":4},"b":{"0":[1,2],"1":[0,1],"2":[0,0],"3":[0,0],"4":[0,0],"5":[1,0],"6":[1,1,1,1],"7":[1,0],"8":[1,0],"9":[0,4],"10":[4,0],"11":[4,4],"12":[4],"13":[2,0],"14":[2,0],"15":[0,2],"16":[0,0],"17":[2,0],"18":[2,0],"19":[2,0],"20":[1,3],"21":[3,0],"22":[3,0],"23":[1,1],"24":[2,2],"25":[1,2],"26":[1,3],"27":[2,1]},"_coverageSchema":"1a1c01bbd47fc00a2c39e90264f33305004495a9","hash":"28ba97ddfc76a6c35c7bc009dce473b82c8361be"}
,"/Users/remi/Downloads/Temple/CIS/3296/projects/final-project-02-gMatch/apps/server/src/routes/workspaces.js": {"path":"/Users/remi/Downloads/Temple/CIS/3296/projects/final-project-02-gMatch/apps/server/src/routes/workspaces.js","statementMap":{"0":{"start":{"line":1,"column":16},"end":{"line":1,"column":34}},"1":{"start":{"line":2,"column":18},"end":{"line":2,"column":48}},"2":{"start":{"line":3,"column":15},"end":{"line":3,"column":31}},"3":{"start":{"line":4,"column":24},"end":{"line":4,"column":53}},"4":{"start":{"line":5,"column":17},"end":{"line":5,"column":36}},"5":{"start":{"line":6,"column":26},"end":{"line":6,"column":55}},"6":{"start":{"line":7,"column":17},"end":{"line":7,"column":46}},"7":{"start":{"line":8,"column":13},"end":{"line":8,"column":38}},"8":{"start":{"line":10,"column":19},"end":{"line":10,"column":53}},"9":{"start":{"line":13,"column":13},"end":{"line":13,"column":15}},"10":{"start":{"line":15,"column":2},"end":{"line":17,"column":3}},"11":{"start":{"line":15,"column":15},"end":{"line":15,"column":16}},"12":{"start":{"line":16,"column":4},"end":{"line":16,"column":77}},"13":{"start":{"line":19,"column":2},"end":{"line":19,"column":14}},"14":{"start":{"line":23,"column":13},"end":{"line":23,"column":31}},"15":{"start":{"line":24,"column":15},"end":{"line":24,"column":60}},"16":{"start":{"line":26,"column":2},"end":{"line":29,"column":3}},"17":{"start":{"line":27,"column":4},"end":{"line":27,"column":30}},"18":{"start":{"line":28,"column":4},"end":{"line":28,"column":59}},"19":{"start":{"line":31,"column":2},"end":{"line":31,"column":14}},"20":{"start":{"line":35,"column":0},"end":{"line":47,"column":3}},"21":{"start":{"line":36,"column":2},"end":{"line":46,"column":3}},"22":{"start":{"line":37,"column":23},"end":{"line":39,"column":29}},"23":{"start":{"line":40,"column":4},"end":{"line":40,"column":29}},"24":{"start":{"line":42,"column":4},"end":{"line":45,"column":7}},"25":{"start":{"line":50,"column":0},"end":{"line":94,"column":3}},"26":{"start":{"line":51,"column":2},"end":{"line":93,"column":3}},"27":{"start":{"line":52,"column":31},"end":{"line":52,"column":39}},"28":{"start":{"line":54,"column":4},"end":{"line":56,"column":5}},"29":{"start":{"line":55,"column":6},"end":{"line":55,"column":77}},"30":{"start":{"line":58,"column":4},"end":{"line":62,"column":5}},"31":{"start":{"line":59,"column":6},"end":{"line":61,"column":59}},"32":{"start":{"line":64,"column":23},"end":{"line":64,"column":55}},"33":{"start":{"line":67,"column":21},"end":{"line":70,"column":6}},"34":{"start":{"line":72,"column":4},"end":{"line":74,"column":5}},"35":{"start":{"line":73,"column":6},"end":{"line":73,"column":94}},"36":{"start":{"line":77,"column":22},"end":{"line":77,"column":77}},"37":{"start":{"line":79,"column":22},"end":{"line":85,"column":6}},"38":{"start":{"line":87,"column":4},"end":{"line":87,"column":47}},"39":{"start":{"line":89,"column":4},"end":{"line":92,"column":7}},"40":{"start":{"line":97,"column":0},"end":{"line":136,"column":3}},"41":{"start":{"line":98,"column":2},"end":{"line":135,"column":3}},"42":{"start":{"line":99,"column":27},"end":{"line":99,"column":35}},"43":{"start":{"line":101,"column":4},"end":{"line":103,"column":5}},"44":{"start":{"line":102,"column":6},"end":{"line":102,"column":74}},"45":{"start":{"line":105,"column":22},"end":{"line":105,"column":80}},"46":{"start":{"line":107,"column":4},"end":{"line":109,"column":5}},"47":{"start":{"line":108,"column":6},"end":{"line":108,"column":70}},"48":{"start":{"line":111,"column":4},"end":{"line":111,"column":61}},"49":{"start":{"line":111,"column":33},"end":{"line":111,"column":61}},"50":{"start":{"line":114,"column":19},"end":{"line":114,"column":59}},"51":{"start":{"line":116,"column":26},"end":{"line":118,"column":5}},"52":{"start":{"line":117,"column":6},"end":{"line":117,"column":32}},"53":{"start":{"line":120,"column":4},"end":{"line":122,"column":5}},"54":{"start":{"line":121,"column":6},"end":{"line":121,"column":89}},"55":{"start":{"line":125,"column":4},"end":{"line":125,"column":40}},"56":{"start":{"line":127,"column":4},"end":{"line":127,"column":27}},"57":{"start":{"line":129,"column":4},"end":{"line":129,"column":66}},"58":{"start":{"line":131,"column":4},"end":{"line":134,"column":7}},"59":{"start":{"line":139,"column":0},"end":{"line":174,"column":3}},"60":{"start":{"line":140,"column":2},"end":{"line":173,"column":3}},"61":{"start":{"line":141,"column":22},"end":{"line":141,"column":61}},"62":{"start":{"line":143,"column":4},"end":{"line":145,"column":5}},"63":{"start":{"line":144,"column":6},"end":{"line":144,"column":70}},"64":{"start":{"line":147,"column":4},"end":{"line":149,"column":5}},"65":{"start":{"line":148,"column":6},"end":{"line":148,"column":34}},"66":{"start":{"line":151,"column":19},"end":{"line":151,"column":59}},"67":{"start":{"line":153,"column":26},"end":{"line":155,"column":5}},"68":{"start":{"line":154,"column":23},"end":{"line":154,"column":49}},"69":{"start":{"line":157,"column":4},"end":{"line":159,"column":5}},"70":{"start":{"line":158,"column":6},"end":{"line":158,"column":94}},"71":{"start":{"line":161,"column":4},"end":{"line":163,"column":6}},"72":{"start":{"line":162,"column":23},"end":{"line":162,"column":50}},"73":{"start":{"line":165,"column":4},"end":{"line":165,"column":27}},"74":{"start":{"line":167,"column":4},"end":{"line":167,"column":64}},"75":{"start":{"line":169,"column":4},"end":{"line":172,"column":7}},"76":{"start":{"line":177,"column":0},"end":{"line":192,"column":3}},"77":{"start":{"line":178,"column":2},"end":{"line":191,"column":3}},"78":{"start":{"line":179,"column":19},"end":{"line":179,"column":60}},"79":{"start":{"line":181,"column":23},"end":{"line":183,"column":29}},"80":{"start":{"line":185,"column":4},"end":{"line":185,"column":29}},"81":{"start":{"line":187,"column":4},"end":{"line":190,"column":7}},"82":{"start":{"line":195,"column":0},"end":{"line":209,"column":3}},"83":{"start":{"line":196,"column":2},"end":{"line":208,"column":3}},"84":{"start":{"line":197,"column":22},"end":{"line":198,"column":52}},"85":{"start":{"line":199,"column":4},"end":{"line":201,"column":5}},"86":{"start":{"line":200,"column":6},"end":{"line":200,"column":70}},"87":{"start":{"line":202,"column":4},"end":{"line":202,"column":31}},"88":{"start":{"line":204,"column":4},"end":{"line":207,"column":7}},"89":{"start":{"line":211,"column":0},"end":{"line":233,"column":3}},"90":{"start":{"line":212,"column":2},"end":{"line":232,"column":3}},"91":{"start":{"line":213,"column":31},"end":{"line":213,"column":39}},"92":{"start":{"line":214,"column":19},"end":{"line":214,"column":21}},"93":{"start":{"line":215,"column":4},"end":{"line":215,"column":40}},"94":{"start":{"line":215,"column":14},"end":{"line":215,"column":40}},"95":{"start":{"line":216,"column":4},"end":{"line":216,"column":53}},"96":{"start":{"line":216,"column":18},"end":{"line":216,"column":53}},"97":{"start":{"line":218,"column":22},"end":{"line":222,"column":5}},"98":{"start":{"line":223,"column":4},"end":{"line":225,"column":5}},"99":{"start":{"line":224,"column":6},"end":{"line":224,"column":70}},"100":{"start":{"line":226,"column":4},"end":{"line":226,"column":31}},"101":{"start":{"line":228,"column":4},"end":{"line":231,"column":7}},"102":{"start":{"line":236,"column":0},"end":{"line":249,"column":3}},"103":{"start":{"line":237,"column":2},"end":{"line":248,"column":3}},"104":{"start":{"line":238,"column":22},"end":{"line":238,"column":70}},"105":{"start":{"line":239,"column":4},"end":{"line":241,"column":5}},"106":{"start":{"line":240,"column":6},"end":{"line":240,"column":70}},"107":{"start":{"line":242,"column":4},"end":{"line":242,"column":54}},"108":{"start":{"line":244,"column":4},"end":{"line":247,"column":7}},"109":{"start":{"line":252,"column":0},"end":{"line":285,"column":3}},"110":{"start":{"line":253,"column":2},"end":{"line":284,"column":3}},"111":{"start":{"line":254,"column":28},"end":{"line":254,"column":38}},"112":{"start":{"line":255,"column":22},"end":{"line":255,"column":30}},"113":{"start":{"line":257,"column":4},"end":{"line":259,"column":5}},"114":{"start":{"line":258,"column":6},"end":{"line":258,"column":73}},"115":{"start":{"line":261,"column":27},"end":{"line":263,"column":7}},"116":{"start":{"line":261,"column":48},"end":{"line":263,"column":5}},"117":{"start":{"line":265,"column":29},"end":{"line":269,"column":5}},"118":{"start":{"line":271,"column":4},"end":{"line":273,"column":5}},"119":{"start":{"line":272,"column":6},"end":{"line":272,"column":70}},"120":{"start":{"line":275,"column":4},"end":{"line":278,"column":7}},"121":{"start":{"line":280,"column":4},"end":{"line":283,"column":7}},"122":{"start":{"line":288,"column":0},"end":{"line":351,"column":3}},"123":{"start":{"line":289,"column":2},"end":{"line":350,"column":3}},"124":{"start":{"line":290,"column":24},"end":{"line":290,"column":37}},"125":{"start":{"line":291,"column":24},"end":{"line":291,"column":32}},"126":{"start":{"line":293,"column":22},"end":{"line":293,"column":59}},"127":{"start":{"line":294,"column":4},"end":{"line":296,"column":5}},"128":{"start":{"line":295,"column":6},"end":{"line":295,"column":70}},"129":{"start":{"line":298,"column":4},"end":{"line":300,"column":5}},"130":{"start":{"line":299,"column":6},"end":{"line":299,"column":89}},"131":{"start":{"line":303,"column":22},"end":{"line":303,"column":98}},"132":{"start":{"line":305,"column":4},"end":{"line":307,"column":5}},"133":{"start":{"line":306,"column":6},"end":{"line":306,"column":102}},"134":{"start":{"line":310,"column":28},"end":{"line":310,"column":81}},"135":{"start":{"line":313,"column":4},"end":{"line":313,"column":43}},"136":{"start":{"line":316,"column":20},"end":{"line":320,"column":7}},"137":{"start":{"line":316,"column":46},"end":{"line":320,"column":5}},"138":{"start":{"line":322,"column":4},"end":{"line":322,"column":35}},"139":{"start":{"line":325,"column":30},"end":{"line":335,"column":6}},"140":{"start":{"line":326,"column":31},"end":{"line":333,"column":8}},"141":{"start":{"line":327,"column":29},"end":{"line":327,"column":81}},"142":{"start":{"line":327,"column":49},"end":{"line":327,"column":80}},"143":{"start":{"line":328,"column":8},"end":{"line":332,"column":10}},"144":{"start":{"line":331,"column":50},"end":{"line":331,"column":75}},"145":{"start":{"line":334,"column":6},"end":{"line":334,"column":43}},"146":{"start":{"line":337,"column":4},"end":{"line":337,"column":40}},"147":{"start":{"line":338,"column":4},"end":{"line":338,"column":27}},"148":{"start":{"line":340,"column":4},"end":{"line":343,"column":7}},"149":{"start":{"line":346,"column":4},"end":{"line":349,"column":7}},"150":{"start":{"line":354,"column":0},"end":{"line":379,"column":3}},"151":{"start":{"line":355,"column":2},"end":{"line":378,"column":3}},"152":{"start":{"line":356,"column":22},"end":{"line":356,"column":61}},"153":{"start":{"line":358,"column":4},"end":{"line":360,"column":5}},"154":{"start":{"line":359,"column":6},"end":{"line":359,"column":70}},"155":{"start":{"line":362,"column":4},"end":{"line":364,"column":5}},"156":{"start":{"line":363,"column":6},"end":{"line":363,"column":70}},"157":{"start":{"line":366,"column":4},"end":{"line":366,"column":35}},"158":{"start":{"line":367,"column":4},"end":{"line":367,"column":27}},"159":{"start":{"line":369,"column":4},"end":{"line":372,"column":7}},"160":{"start":{"line":374,"column":4},"end":{"line":377,"column":7}},"161":{"start":{"line":381,"column":0},"end":{"line":381,"column":24}}},"fnMap":{"0":{"name":"randomInviteCode","decl":{"start":{"line":12,"column":9},"end":{"line":12,"column":25}},"loc":{"start":{"line":12,"column":28},"end":{"line":20,"column":1}},"line":12},"1":{"name":"generateUniqueInviteCode","decl":{"start":{"line":22,"column":15},"end":{"line":22,"column":39}},"loc":{"start":{"line":22,"column":42},"end":{"line":32,"column":1}},"line":22},"2":{"name":"(anonymous_2)","decl":{"start":{"line":35,"column":29},"end":{"line":35,"column":30}},"loc":{"start":{"line":35,"column":50},"end":{"line":47,"column":1}},"line":35},"3":{"name":"(anonymous_3)","decl":{"start":{"line":50,"column":30},"end":{"line":50,"column":31}},"loc":{"start":{"line":50,"column":50},"end":{"line":94,"column":1}},"line":50},"4":{"name":"(anonymous_4)","decl":{"start":{"line":97,"column":34},"end":{"line":97,"column":35}},"loc":{"start":{"line":97,"column":54},"end":{"line":136,"column":1}},"line":97},"5":{"name":"(anonymous_5)","decl":{"start":{"line":116,"column":54},"end":{"line":116,"column":55}},"loc":{"start":{"line":117,"column":6},"end":{"line":117,"column":32}},"line":117},"6":{"name":"(anonymous_6)","decl":{"start":{"line":139,"column":39},"end":{"line":139,"column":40}},"loc":{"start":{"line":139,"column":59},"end":{"line":174,"column":1}},"line":139},"7":{"name":"(anonymous_7)","decl":{"start":{"line":154,"column":6},"end":{"line":154,"column":7}},"loc":{"start":{"line":154,"column":23},"end":{"line":154,"column":49}},"line":154},"8":{"name":"(anonymous_8)","decl":{"start":{"line":162,"column":6},"end":{"line":162,"column":7}},"loc":{"start":{"line":162,"column":23},"end":{"line":162,"column":50}},"line":162},"9":{"name":"(anonymous_9)","decl":{"start":{"line":177,"column":40},"end":{"line":177,"column":41}},"loc":{"start":{"line":177,"column":61},"end":{"line":192,"column":1}},"line":177},"10":{"name":"(anonymous_10)","decl":{"start":{"line":195,"column":32},"end":{"line":195,"column":33}},"loc":{"start":{"line":195,"column":52},"end":{"line":209,"column":1}},"line":195},"11":{"name":"(anonymous_11)","decl":{"start":{"line":211,"column":34},"end":{"line":211,"column":35}},"loc":{"start":{"line":211,"column":54},"end":{"line":233,"column":1}},"line":211},"12":{"name":"(anonymous_12)","decl":{"start":{"line":236,"column":35},"end":{"line":236,"column":36}},"loc":{"start":{"line":236,"column":55},"end":{"line":249,"column":1}},"line":236},"13":{"name":"(anonymous_13)","decl":{"start":{"line":252,"column":47},"end":{"line":252,"column":48}},"loc":{"start":{"line":252,"column":67},"end":{"line":285,"column":1}},"line":252},"14":{"name":"(anonymous_14)","decl":{"start":{"line":261,"column":37},"end":{"line":261,"column":38}},"loc":{"start":{"line":261,"column":48},"end":{"line":263,"column":5}},"line":261},"15":{"name":"(anonymous_15)","decl":{"start":{"line":288,"column":42},"end":{"line":288,"column":43}},"loc":{"start":{"line":288,"column":62},"end":{"line":351,"column":1}},"line":288},"16":{"name":"(anonymous_16)","decl":{"start":{"line":316,"column":40},"end":{"line":316,"column":41}},"loc":{"start":{"line":316,"column":46},"end":{"line":320,"column":5}},"line":316},"17":{"name":"(anonymous_17)","decl":{"start":{"line":325,"column":50},"end":{"line":325,"column":51}},"loc":{"start":{"line":325,"column":55},"end":{"line":335,"column":5}},"line":325},"18":{"name":"(anonymous_18)","decl":{"start":{"line":326,"column":45},"end":{"line":326,"column":46}},"loc":{"start":{"line":326,"column":52},"end":{"line":333,"column":7}},"line":326},"19":{"name":"(anonymous_19)","decl":{"start":{"line":327,"column":44},"end":{"line":327,"column":45}},"loc":{"start":{"line":327,"column":49},"end":{"line":327,"column":80}},"line":327},"20":{"name":"(anonymous_20)","decl":{"start":{"line":331,"column":45},"end":{"line":331,"column":46}},"loc":{"start":{"line":331,"column":50},"end":{"line":331,"column":75}},"line":331},"21":{"name":"(anonymous_21)","decl":{"start":{"line":354,"column":41},"end":{"line":354,"column":42}},"loc":{"start":{"line":354,"column":61},"end":{"line":379,"column":1}},"line":354}},"branchMap":{"0":{"loc":{"start":{"line":54,"column":4},"end":{"line":56,"column":5}},"type":"if","locations":[{"start":{"line":54,"column":4},"end":{"line":56,"column":5}},{"start":{},"end":{}}],"line":54},"1":{"loc":{"start":{"line":54,"column":8},"end":{"line":54,"column":29}},"type":"binary-expr","locations":[{"start":{"line":54,"column":8},"end":{"line":54,"column":13}},{"start":{"line":54,"column":17},"end":{"line":54,"column":29}}],"line":54},"2":{"loc":{"start":{"line":58,"column":4},"end":{"line":62,"column":5}},"type":"if","locations":[{"start":{"line":58,"column":4},"end":{"line":62,"column":5}},{"start":{},"end":{}}],"line":58},"3":{"loc":{"start":{"line":58,"column":8},"end":{"line":58,"column":41}},"type":"binary-expr","locations":[{"start":{"line":58,"column":8},"end":{"line":58,"column":17}},{"start":{"line":58,"column":21},"end":{"line":58,"column":41}}],"line":58},"4":{"loc":{"start":{"line":72,"column":4},"end":{"line":74,"column":5}},"type":"if","locations":[{"start":{"line":72,"column":4},"end":{"line":74,"column":5}},{"start":{},"end":{}}],"line":72},"5":{"loc":{"start":{"line":101,"column":4},"end":{"line":103,"column":5}},"type":"if","locations":[{"start":{"line":101,"column":4},"end":{"line":103,"column":5}},{"start":{},"end":{}}],"line":101},"6":{"loc":{"start":{"line":101,"column":8},"end":{"line":101,"column":41}},"type":"binary-expr","locations":[{"start":{"line":101,"column":8},"end":{"line":101,"column":19}},{"start":{"line":101,"column":23},"end":{"line":101,"column":41}}],"line":101},"7":{"loc":{"start":{"line":107,"column":4},"end":{"line":109,"column":5}},"type":"if","locations":[{"start":{"line":107,"column":4},"end":{"line":109,"column":5}},{"start":{},"end":{}}],"line":107},"8":{"loc":{"start":{"line":111,"column":4},"end":{"line":111,"column":61}},"type":"if","locations":[{"start":{"line":111,"column":4},"end":{"line":111,"column":61}},{"start":{},"end":{}}],"line":111},"9":{"loc":{"start":{"line":120,"column":4},"end":{"line":122,"column":5}},"type":"if","locations":[{"start":{"line":120,"column":4},"end":{"line":122,"column":5}},{"start":{},"end":{}}],"line":120},"10":{"loc":{"start":{"line":143,"column":4},"end":{"line":145,"column":5}},"type":"if","locations":[{"start":{"line":143,"column":4},"end":{"line":145,"column":5}},{"start":{},"end":{}}],"line":143},"11":{"loc":{"start":{"line":147,"column":4},"end":{"line":149,"column":5}},"type":"if","locations":[{"start":{"line":147,"column":4},"end":{"line":149,"column":5}},{"start":{},"end":{}}],"line":147},"12":{"loc":{"start":{"line":157,"column":4},"end":{"line":159,"column":5}},"type":"if","locations":[{"start":{"line":157,"column":4},"end":{"line":159,"column":5}},{"start":{},"end":{}}],"line":157},"13":{"loc":{"start":{"line":199,"column":4},"end":{"line":201,"column":5}},"type":"if","locations":[{"start":{"line":199,"column":4},"end":{"line":201,"column":5}},{"start":{},"end":{}}],"line":199},"14":{"loc":{"start":{"line":215,"column":4},"end":{"line":215,"column":40}},"type":"if","locations":[{"start":{"line":215,"column":4},"end":{"line":215,"column":40}},{"start":{},"end":{}}],"line":215},"15":{"loc":{"start":{"line":216,"column":4},"end":{"line":216,"column":53}},"type":"if","locations":[{"start":{"line":216,"column":4},"end":{"line":216,"column":53}},{"start":{},"end":{}}],"line":216},"16":{"loc":{"start":{"line":223,"column":4},"end":{"line":225,"column":5}},"type":"if","locations":[{"start":{"line":223,"column":4},"end":{"line":225,"column":5}},{"start":{},"end":{}}],"line":223},"17":{"loc":{"start":{"line":239,"column":4},"end":{"line":241,"column":5}},"type":"if","locations":[{"start":{"line":239,"column":4},"end":{"line":241,"column":5}},{"start":{},"end":{}}],"line":239},"18":{"loc":{"start":{"line":257,"column":4},"end":{"line":259,"column":5}},"type":"if","locations":[{"start":{"line":257,"column":4},"end":{"line":259,"column":5}},{"start":{},"end":{}}],"line":257},"19":{"loc":{"start":{"line":262,"column":15},"end":{"line":262,"column":62}},"type":"cond-expr","locations":[{"start":{"line":262,"column":37},"end":{"line":262,"column":41}},{"start":{"line":262,"column":44},"end":{"line":262,"column":62}}],"line":262},"20":{"loc":{"start":{"line":262,"column":44},"end":{"line":262,"column":62}},"type":"binary-expr","locations":[{"start":{"line":262,"column":44},"end":{"line":262,"column":56}},{"start":{"line":262,"column":60},"end":{"line":262,"column":62}}],"line":262},"21":{"loc":{"start":{"line":271,"column":4},"end":{"line":273,"column":5}},"type":"if","locations":[{"start":{"line":271,"column":4},"end":{"line":273,"column":5}},{"start":{},"end":{}}],"line":271},"22":{"loc":{"start":{"line":294,"column":4},"end":{"line":296,"column":5}},"type":"if","locations":[{"start":{"line":294,"column":4},"end":{"line":296,"column":5}},{"start":{},"end":{}}],"line":294},"23":{"loc":{"start":{"line":298,"column":4},"end":{"line":300,"column":5}},"type":"if","locations":[{"start":{"line":298,"column":4},"end":{"line":300,"column":5}},{"start":{},"end":{}}],"line":298},"24":{"loc":{"start":{"line":305,"column":4},"end":{"line":307,"column":5}},"type":"if","locations":[{"start":{"line":305,"column":4},"end":{"line":307,"column":5}},{"start":{},"end":{}}],"line":305},"25":{"loc":{"start":{"line":305,"column":8},"end":{"line":305,"column":42}},"type":"binary-expr","locations":[{"start":{"line":305,"column":8},"end":{"line":305,"column":18}},{"start":{"line":305,"column":22},"end":{"line":305,"column":42}}],"line":305},"26":{"loc":{"start":{"line":330,"column":36},"end":{"line":330,"column":71}},"type":"binary-expr","locations":[{"start":{"line":330,"column":36},"end":{"line":330,"column":65}},{"start":{"line":330,"column":69},"end":{"line":330,"column":71}}],"line":330},"27":{"loc":{"start":{"line":331,"column":18},"end":{"line":331,"column":89}},"type":"binary-expr","locations":[{"start":{"line":331,"column":18},"end":{"line":331,"column":83}},{"start":{"line":331,"column":87},"end":{"line":331,"column":89}}],"line":331},"28":{"loc":{"start":{"line":358,"column":4},"end":{"line":360,"column":5}},"type":"if","locations":[{"start":{"line":358,"column":4},"end":{"line":360,"column":5}},{"start":{},"end":{}}],"line":358},"29":{"loc":{"start":{"line":362,"column":4},"end":{"line":364,"column":5}},"type":"if","locations":[{"start":{"line":362,"column":4},"end":{"line":364,"column":5}},{"start":{},"end":{}}],"line":362},"30":{"loc":{"start":{"line":362,"column":8},"end":{"line":362,"column":56}},"type":"binary-expr","locations":[{"start":{"line":362,"column":8},"end":{"line":362,"column":24}},{"start":{"line":362,"column":28},"end":{"line":362,"column":56}}],"line":362}},"s":{"0":11,"1":11,"2":11,"3":11,"4":11,"5":11,"6":11,"7":11,"8":11,"9":3,"10":3,"11":3,"12":18,"13":3,"14":3,"15":3,"16":2,"17":0,"18":0,"19":2,"20":11,"21":2,"22":2,"23":1,"24":1,"25":11,"26":5,"27":5,"28":5,"29":1,"30":4,"31":1,"32":3,"33":2,"34":2,"35":1,"36":1,"37":1,"38":1,"39":1,"40":11,"41":5,"42":5,"43":5,"44":1,"45":4,"46":3,"47":1,"48":2,"49":0,"50":2,"51":2,"52":1,"53":2,"54":1,"55":1,"56":1,"57":1,"58":1,"59":11,"60":5,"61":5,"62":4,"63":1,"64":3,"65":1,"66":3,"67":3,"68":1,"69":3,"70":2,"71":1,"72":2,"73":1,"74":1,"75":1,"76":11,"77":2,"78":2,"79":2,"80":1,"81":1,"82":11,"83":3,"84":3,"85":2,"86":1,"87":1,"88":1,"89":11,"90":2,"91":2,"92":2,"93":2,"94":2,"95":2,"96":2,"97":2,"98":2,"99":1,"100":1,"101":0,"102":11,"103":2,"104":2,"105":2,"106":1,"107":1,"108":0,"109":11,"110":3,"111":3,"112":3,"113":3,"114":0,"115":3,"116":4,"117":3,"118":2,"119":1,"120":1,"121":1,"122":11,"123":6,"124":6,"125":6,"126":6,"127":6,"128":1,"129":5,"130":1,"131":4,"132":3,"133":1,"134":2,"135":2,"136":2,"137":2,"138":2,"139":2,"140":2,"141":4,"142":6,"143":4,"144":4,"145":2,"146":2,"147":2,"148":2,"149":1,"150":11,"151":4,"152":4,"153":3,"154":1,"155":2,"156":1,"157":1,"158":1,"159":1,"160":1,"161":11},"f":{"0":3,"1":3,"2":2,"3":5,"4":5,"5":1,"6":5,"7":1,"8":2,"9":2,"10":3,"11":2,"12":2,"13":3,"14":4,"15":6,"16":2,"17":2,"18":4,"19":6,"20":4,"21":4},"b":{"0":[1,4],"1":[5,4],"2":[1,3],"3":[4,4],"4":[1,1],"5":[1,4],"6":[5,4],"7":[1,2],"8":[0,2],"9":[1,1],"10":[1,3],"11":[1,2],"12":[2,1],"13":[1,1],"14":[2,0],"15":[2,0],"16":[1,1],"17":[1,1],"18":[0,3],"19":[3,1],"20":[1,0],"21":[1,1],"22":[1,5],"23":[1,4],"24":[1,2],"25":[3,3],"26":[4,0],"27":[4,0],"28":[1,2],"29":[1,1],"30":[2,2]},"_coverageSchema":"1a1c01bbd47fc00a2c39e90264f33305004495a9","hash":"ea3c1fa5b60800f3750363d68e95496265a4bd1d"}
}
