TN:
SF:src/app.js
FN:34,(anonymous_0)
FNF:1
FNH:0
FNDA:0,(anonymous_0)
DA:1,11
DA:2,11
DA:3,11
DA:4,11
DA:6,11
DA:8,11
DA:9,11
DA:10,11
DA:11,11
DA:12,11
DA:14,11
DA:17,11
DA:23,11
DA:24,11
DA:25,11
DA:28,11
DA:29,11
DA:30,11
DA:31,11
DA:32,11
DA:34,11
DA:35,0
DA:36,0
DA:43,11
LF:24
LH:22
BRDA:19,0,0,11
BRDA:19,0,1,0
BRDA:39,1,0,0
BRDA:39,1,1,0
BRF:4
BRH:1
end_of_record
TN:
SF:src/algorithm/index.js
FN:5,normalizeEmail
FN:9,calculateTeamScore
FN:26,(anonymous_2)
FN:36,(anonymous_3)
FN:74,(anonymous_4)
FN:76,(anonymous_5)
FN:87,evaluateEcosystem
FN:95,generateTeams
FN:102,(anonymous_8)
FN:103,(anonymous_9)
FN:105,(anonymous_10)
FN:112,(anonymous_11)
FN:145,(anonymous_12)
FN:156,(anonymous_13)
FN:157,(anonymous_14)
FNF:15
FNH:0
FNDA:0,normalizeEmail
FNDA:0,calculateTeamScore
FNDA:0,(anonymous_2)
FNDA:0,(anonymous_3)
FNDA:0,(anonymous_4)
FNDA:0,(anonymous_5)
FNDA:0,evaluateEcosystem
FNDA:0,generateTeams
FNDA:0,(anonymous_8)
FNDA:0,(anonymous_9)
FNDA:0,(anonymous_10)
FNDA:0,(anonymous_11)
FNDA:0,(anonymous_12)
FNDA:0,(anonymous_13)
FNDA:0,(anonymous_14)
DA:6,0
DA:10,0
DA:15,0
DA:17,0
DA:18,0
DA:19,0
DA:22,0
DA:23,0
DA:24,0
DA:25,0
DA:26,0
DA:27,0
DA:32,0
DA:33,0
DA:34,0
DA:35,0
DA:36,0
DA:37,0
DA:42,0
DA:46,0
DA:47,0
DA:48,0
DA:50,0
DA:51,0
DA:53,0
DA:54,0
DA:55,0
DA:56,0
DA:57,0
DA:60,0
DA:65,0
DA:70,0
DA:71,0
DA:73,0
DA:74,0
DA:75,0
DA:76,0
DA:81,0
DA:84,0
DA:88,0
DA:89,0
DA:90,0
DA:92,0
DA:96,0
DA:98,0
DA:99,0
DA:102,0
DA:103,0
DA:105,0
DA:106,0
DA:109,0
DA:111,0
DA:112,0
DA:113,0
DA:116,0
DA:117,0
DA:119,0
DA:120,0
DA:121,0
DA:123,0
DA:124,0
DA:126,0
DA:129,0
DA:130,0
DA:133,0
DA:134,0
DA:135,0
DA:138,0
DA:140,0
DA:142,0
DA:143,0
DA:144,0
DA:145,0
DA:149,0
DA:150,0
DA:151,0
DA:156,0
DA:157,0
DA:160,0
DA:163,9
LF:80
LH:1
BRDA:6,0,0,0
BRDA:6,0,1,0
BRDA:22,1,0,0
BRDA:22,1,1,0
BRDA:22,2,0,0
BRDA:22,2,1,0
BRDA:25,3,0,0
BRDA:25,3,1,0
BRDA:27,4,0,0
BRDA:27,4,1,0
BRDA:32,5,0,0
BRDA:32,5,1,0
BRDA:32,6,0,0
BRDA:32,6,1,0
BRDA:35,7,0,0
BRDA:35,7,1,0
BRDA:37,8,0,0
BRDA:37,8,1,0
BRDA:47,9,0,0
BRDA:47,9,1,0
BRDA:47,10,0,0
BRDA:47,10,1,0
BRDA:48,11,0,0
BRDA:48,11,1,0
BRDA:51,12,0,0
BRDA:51,12,1,0
BRDA:55,13,0,0
BRDA:55,13,1,0
BRDA:55,14,0,0
BRDA:55,14,1,0
BRDA:60,15,0,0
BRDA:60,15,1,0
BRDA:70,16,0,0
BRDA:70,16,1,0
BRDA:70,17,0,0
BRDA:70,17,1,0
BRDA:75,18,0,0
BRDA:75,18,1,0
BRDA:75,19,0,0
BRDA:75,19,1,0
BRDA:95,20,0,0
BRDA:96,21,0,0
BRDA:96,21,1,0
BRDA:96,22,0,0
BRDA:96,22,1,0
BRDA:121,23,0,0
BRDA:121,23,1,0
BRDA:126,24,0,0
BRDA:126,24,1,0
BRDA:126,25,0,0
BRDA:126,25,1,0
BRDA:140,26,0,0
BRDA:140,26,1,0
BRDA:143,27,0,0
BRDA:143,27,1,0
BRF:55
BRH:0
end_of_record
TN:
SF:src/models/Form.js
FNF:0
FNH:0
DA:1,9
DA:3,9
DA:30,9
DA:45,9
LF:4
LH:4
BRF:0
BRH:0
end_of_record
TN:
SF:src/models/Notification.js
FNF:0
FNH:0
DA:1,9
DA:3,9
DA:23,9
LF:3
LH:3
BRF:0
BRH:0
end_of_record
TN:
SF:src/models/Response.js
FNF:0
FNH:0
DA:1,7
DA:3,7
DA:17,7
DA:49,7
LF:4
LH:4
BRF:0
BRH:0
end_of_record
TN:
SF:src/models/Team.js
FNF:0
FNH:0
DA:1,8
DA:3,8
DA:22,8
DA:43,8
LF:4
LH:4
BRF:0
BRH:0
end_of_record
TN:
SF:src/models/User.js
FNF:0
FNH:0
DA:1,9
DA:3,9
DA:47,9
LF:3
LH:3
BRF:0
BRH:0
end_of_record
TN:
SF:src/models/Workspace.js
FNF:0
FNH:0
DA:1,3
DA:3,3
DA:56,3
LF:3
LH:3
BRF:0
BRH:0
end_of_record
TN:
SF:src/routes/auth.js
FN:11,(anonymous_0)
FN:50,(anonymous_1)
FN:75,(anonymous_2)
FN:108,(anonymous_3)
FN:123,(anonymous_4)
FN:124,(anonymous_5)
FNF:6
FNH:6
FNDA:4,(anonymous_0)
FNDA:3,(anonymous_1)
FNDA:5,(anonymous_2)
FNDA:3,(anonymous_3)
FNDA:2,(anonymous_4)
FNDA:2,(anonymous_5)
DA:1,11
DA:2,11
DA:3,11
DA:4,11
DA:11,11
DA:12,4
DA:13,4
DA:15,4
DA:16,1
DA:19,3
DA:21,2
DA:22,1
DA:31,1
DA:32,1
DA:33,1
DA:34,1
DA:36,1
DA:39,2
DA:41,1
DA:42,1
DA:50,11
DA:51,3
DA:52,3
DA:58,3
DA:60,2
DA:61,1
DA:64,1
DA:66,1
DA:67,1
DA:75,11
DA:76,5
DA:77,5
DA:79,5
DA:80,1
DA:83,4
DA:84,1
DA:87,3
DA:93,2
DA:94,1
DA:97,1
DA:99,1
DA:100,1
DA:108,11
DA:109,3
DA:110,3
DA:116,3
DA:118,3
DA:119,3
DA:121,3
DA:122,1
DA:123,2
DA:124,2
DA:127,3
DA:133,2
DA:134,1
DA:137,1
DA:139,1
DA:140,1
DA:144,11
LF:59
LH:59
BRDA:15,0,0,1
BRDA:15,0,1,3
BRDA:21,1,0,1
BRDA:21,1,1,1
BRDA:23,2,0,1
BRDA:23,2,1,0
BRDA:25,3,0,1
BRDA:25,3,1,0
BRDA:31,4,0,1
BRDA:31,4,1,0
BRDA:32,5,0,1
BRDA:32,5,1,0
BRDA:33,6,0,1
BRDA:33,6,1,0
BRDA:34,7,0,1
BRDA:34,7,1,0
BRDA:60,8,0,1
BRDA:60,8,1,1
BRDA:79,9,0,1
BRDA:79,9,1,4
BRDA:79,10,0,5
BRDA:79,10,1,5
BRDA:83,11,0,1
BRDA:83,11,1,3
BRDA:93,12,0,1
BRDA:93,12,1,1
BRDA:118,13,0,3
BRDA:118,13,1,0
BRDA:119,14,0,1
BRDA:119,14,1,2
BRDA:121,15,0,1
BRDA:121,15,1,2
BRDA:133,16,0,1
BRDA:133,16,1,1
BRF:34
BRH:27
end_of_record
TN:
SF:src/routes/forms.js
FN:9,(anonymous_0)
FN:37,(anonymous_1)
FN:57,(anonymous_2)
FN:65,(anonymous_3)
FN:68,(anonymous_4)
FNF:5
FNH:5
FNDA:5,(anonymous_0)
FNDA:5,(anonymous_1)
FNDA:5,(anonymous_2)
FNDA:8,(anonymous_3)
FNDA:5,(anonymous_4)
DA:1,11
DA:2,11
DA:3,11
DA:4,11
DA:5,11
DA:6,11
DA:9,11
DA:10,5
DA:11,5
DA:13,5
DA:14,1
DA:17,4
DA:19,3
DA:20,1
DA:23,2
DA:25,2
DA:29,1
DA:37,11
DA:38,5
DA:39,5
DA:40,5
DA:42,5
DA:43,1
DA:46,4
DA:47,1
DA:50,3
DA:52,3
DA:53,1
DA:56,2
DA:57,5
DA:65,8
DA:68,5
DA:70,2
DA:76,1
DA:81,1
DA:88,11
LF:36
LH:36
BRDA:13,0,0,1
BRDA:13,0,1,4
BRDA:19,1,0,1
BRDA:19,1,1,2
BRDA:26,2,0,2
BRDA:26,2,1,1
BRDA:42,3,0,1
BRDA:42,3,1,4
BRDA:46,4,0,1
BRDA:46,4,1,3
BRDA:52,5,0,1
BRDA:52,5,1,2
BRDA:58,6,0,5
BRDA:58,6,1,0
BRDA:59,7,0,4
BRDA:59,7,1,1
BRDA:62,8,0,5
BRDA:62,8,1,0
BRDA:63,9,0,5
BRDA:63,9,1,0
BRDA:64,10,0,5
BRDA:64,10,1,0
BRF:22
BRH:18
end_of_record
TN:
SF:src/routes/notifications.js
FN:8,(anonymous_0)
FN:22,(anonymous_1)
FN:41,(anonymous_2)
FNF:3
FNH:3
FNDA:2,(anonymous_0)
FNDA:3,(anonymous_1)
FNDA:2,(anonymous_2)
DA:1,11
DA:2,11
DA:3,11
DA:4,11
DA:5,11
DA:8,11
DA:9,2
DA:10,2
DA:14,1
DA:16,1
DA:17,1
DA:22,11
DA:23,3
DA:24,3
DA:30,2
DA:31,1
DA:34,1
DA:36,1
DA:41,11
DA:42,2
DA:43,2
DA:47,1
DA:49,1
DA:53,11
LF:24
LH:24
BRDA:30,0,0,1
BRDA:30,0,1,1
BRF:2
BRH:2
end_of_record
TN:
SF:src/routes/responses.js
FN:20,buildAvailabilityGrid
FN:50,toIdString
FN:58,normalizeEmailList
FN:61,(anonymous_3)
FN:62,(anonymous_4)
FN:65,detectConflicts
FN:107,(anonymous_6)
FN:117,(anonymous_7)
FN:181,(anonymous_8)
FN:205,(anonymous_9)
FNF:10
FNH:8
FNDA:3,buildAvailabilityGrid
FNDA:4,toIdString
FNDA:6,normalizeEmailList
FNDA:0,(anonymous_3)
FNDA:0,(anonymous_4)
FNDA:3,detectConflicts
FNDA:4,(anonymous_6)
FNDA:2,(anonymous_7)
FNDA:3,(anonymous_8)
FNDA:4,(anonymous_9)
DA:1,11
DA:2,11
DA:3,11
DA:4,11
DA:5,11
DA:6,11
DA:7,11
DA:21,3
DA:23,2
DA:25,2
DA:26,1
DA:28,0
DA:29,0
DA:30,0
DA:31,0
DA:32,0
DA:33,0
DA:35,1
DA:36,1
DA:37,1
DA:38,1
DA:39,1
DA:43,2
DA:51,4
DA:52,4
DA:53,4
DA:55,0
DA:59,6
DA:61,0
DA:62,0
DA:66,3
DA:68,3
DA:69,5
DA:70,2
DA:71,2
DA:73,2
DA:74,2
DA:76,2
DA:78,2
DA:79,2
DA:80,0
DA:81,0
DA:82,0
DA:83,0
DA:89,2
DA:90,2
DA:100,3
DA:107,11
DA:108,4
DA:109,4
DA:111,4
DA:112,1
DA:116,3
DA:117,2
DA:120,3
DA:123,3
DA:140,2
DA:144,2
DA:147,2
DA:148,2
DA:149,1
DA:155,1
DA:156,1
DA:160,1
DA:167,2
DA:173,1
DA:174,1
DA:181,11
DA:182,3
DA:183,3
DA:184,3
DA:185,1
DA:188,2
DA:193,1
DA:195,1
DA:197,1
DA:198,1
DA:205,11
DA:206,4
DA:207,4
DA:208,4
DA:209,1
DA:212,3
DA:217,2
DA:219,1
DA:220,1
DA:224,11
LF:87
LH:74
BRDA:21,0,0,1
BRDA:21,0,1,2
BRDA:26,1,0,0
BRDA:26,1,1,1
BRDA:29,2,0,0
BRDA:29,2,1,0
BRDA:32,3,0,0
BRDA:32,3,1,0
BRDA:33,4,0,0
BRDA:33,4,1,0
BRDA:35,5,0,1
BRDA:35,5,1,0
BRDA:35,6,0,1
BRDA:35,6,1,1
BRDA:35,6,2,1
BRDA:35,6,3,1
BRDA:38,7,0,1
BRDA:38,7,1,0
BRDA:39,8,0,1
BRDA:39,8,1,0
BRDA:51,9,0,0
BRDA:51,9,1,4
BRDA:52,10,0,4
BRDA:52,10,1,0
BRDA:52,11,0,4
BRDA:52,11,1,4
BRDA:58,12,0,4
BRDA:73,13,0,2
BRDA:73,13,1,0
BRDA:74,14,0,2
BRDA:74,14,1,0
BRDA:79,15,0,0
BRDA:79,15,1,2
BRDA:81,16,0,0
BRDA:81,16,1,0
BRDA:89,17,0,2
BRDA:89,17,1,0
BRDA:92,18,0,2
BRDA:92,18,1,0
BRDA:94,19,0,2
BRDA:94,19,1,0
BRDA:111,20,0,1
BRDA:111,20,1,3
BRDA:116,21,0,3
BRDA:116,21,1,0
BRDA:131,22,0,3
BRDA:131,22,1,0
BRDA:148,23,0,1
BRDA:148,23,1,1
BRDA:148,24,0,2
BRDA:148,24,1,2
BRDA:184,25,0,1
BRDA:184,25,1,2
BRDA:208,26,0,1
BRDA:208,26,1,3
BRDA:217,27,0,2
BRDA:217,27,1,1
BRF:57
BRH:35
end_of_record
TN:
SF:src/routes/workspaces.js
FN:12,randomInviteCode
FN:22,generateUniqueInviteCode
FN:35,(anonymous_2)
FN:50,(anonymous_3)
FN:97,(anonymous_4)
FN:116,(anonymous_5)
FN:139,(anonymous_6)
FN:154,(anonymous_7)
FN:162,(anonymous_8)
FN:177,(anonymous_9)
FN:195,(anonymous_10)
FN:211,(anonymous_11)
FN:236,(anonymous_12)
FN:252,(anonymous_13)
FN:261,(anonymous_14)
FN:288,(anonymous_15)
FN:316,(anonymous_16)
FN:325,(anonymous_17)
FN:326,(anonymous_18)
FN:327,(anonymous_19)
FN:331,(anonymous_20)
FN:354,(anonymous_21)
FNF:22
FNH:22
FNDA:3,randomInviteCode
FNDA:3,generateUniqueInviteCode
FNDA:2,(anonymous_2)
FNDA:5,(anonymous_3)
FNDA:5,(anonymous_4)
FNDA:1,(anonymous_5)
FNDA:5,(anonymous_6)
FNDA:1,(anonymous_7)
FNDA:2,(anonymous_8)
FNDA:2,(anonymous_9)
FNDA:3,(anonymous_10)
FNDA:2,(anonymous_11)
FNDA:2,(anonymous_12)
FNDA:3,(anonymous_13)
FNDA:4,(anonymous_14)
FNDA:6,(anonymous_15)
FNDA:2,(anonymous_16)
FNDA:2,(anonymous_17)
FNDA:4,(anonymous_18)
FNDA:6,(anonymous_19)
FNDA:4,(anonymous_20)
FNDA:4,(anonymous_21)
DA:1,11
DA:2,11
DA:3,11
DA:4,11
DA:5,11
DA:6,11
DA:7,11
DA:8,11
DA:10,11
DA:13,3
DA:15,3
DA:16,18
DA:19,3
DA:23,3
DA:24,3
DA:26,2
DA:27,0
DA:28,0
DA:31,2
DA:35,11
DA:36,2
DA:37,2
DA:40,1
DA:42,1
DA:50,11
DA:51,5
DA:52,5
DA:54,5
DA:55,1
DA:58,4
DA:59,1
DA:64,3
DA:67,2
DA:72,2
DA:73,1
DA:77,1
DA:79,1
DA:87,1
DA:89,1
DA:97,11
DA:98,5
DA:99,5
DA:101,5
DA:102,1
DA:105,4
DA:107,3
DA:108,1
DA:111,2
DA:114,2
DA:116,2
DA:117,1
DA:120,2
DA:121,1
DA:125,1
DA:127,1
DA:129,1
DA:131,1
DA:139,11
DA:140,5
DA:141,5
DA:143,4
DA:144,1
DA:147,3
DA:148,1
DA:151,3
DA:153,3
DA:154,1
DA:157,3
DA:158,2
DA:161,1
DA:162,2
DA:165,1
DA:167,1
DA:169,1
DA:177,11
DA:178,2
DA:179,2
DA:181,2
DA:185,1
DA:187,1
DA:195,11
DA:196,3
DA:197,3
DA:199,2
DA:200,1
DA:202,1
DA:204,1
DA:211,11
DA:212,2
DA:213,2
DA:214,2
DA:215,2
DA:216,2
DA:218,2
DA:223,2
DA:224,1
DA:226,1
DA:228,0
DA:236,11
DA:237,2
DA:238,2
DA:239,2
DA:240,1
DA:242,1
DA:244,0
DA:252,11
DA:253,3
DA:254,3
DA:255,3
DA:257,3
DA:258,0
DA:261,4
DA:265,3
DA:271,2
DA:272,1
DA:275,1
DA:280,1
DA:288,11
DA:289,6
DA:290,6
DA:291,6
DA:293,6
DA:294,6
DA:295,1
DA:298,5
DA:299,1
DA:303,4
DA:305,3
DA:306,1
DA:310,2
DA:313,2
DA:316,2
DA:322,2
DA:325,2
DA:326,2
DA:327,6
DA:328,4
DA:331,4
DA:334,2
DA:337,2
DA:338,2
DA:340,2
DA:346,1
DA:354,11
DA:355,4
DA:356,4
DA:358,3
DA:359,1
DA:362,2
DA:363,1
DA:366,1
DA:367,1
DA:369,1
DA:374,1
DA:381,11
LF:155
LH:150
BRDA:54,0,0,1
BRDA:54,0,1,4
BRDA:54,1,0,5
BRDA:54,1,1,4
BRDA:58,2,0,1
BRDA:58,2,1,3
BRDA:58,3,0,4
BRDA:58,3,1,4
BRDA:72,4,0,1
BRDA:72,4,1,1
BRDA:101,5,0,1
BRDA:101,5,1,4
BRDA:101,6,0,5
BRDA:101,6,1,4
BRDA:107,7,0,1
BRDA:107,7,1,2
BRDA:111,8,0,0
BRDA:111,8,1,2
BRDA:120,9,0,1
BRDA:120,9,1,1
BRDA:143,10,0,1
BRDA:143,10,1,3
BRDA:147,11,0,1
BRDA:147,11,1,2
BRDA:157,12,0,2
BRDA:157,12,1,1
BRDA:199,13,0,1
BRDA:199,13,1,1
BRDA:215,14,0,2
BRDA:215,14,1,0
BRDA:216,15,0,2
BRDA:216,15,1,0
BRDA:223,16,0,1
BRDA:223,16,1,1
BRDA:239,17,0,1
BRDA:239,17,1,1
BRDA:257,18,0,0
BRDA:257,18,1,3
BRDA:262,19,0,3
BRDA:262,19,1,1
BRDA:262,20,0,1
BRDA:262,20,1,0
BRDA:271,21,0,1
BRDA:271,21,1,1
BRDA:294,22,0,1
BRDA:294,22,1,5
BRDA:298,23,0,1
BRDA:298,23,1,4
BRDA:305,24,0,1
BRDA:305,24,1,2
BRDA:305,25,0,3
BRDA:305,25,1,3
BRDA:330,26,0,4
BRDA:330,26,1,0
BRDA:331,27,0,4
BRDA:331,27,1,0
BRDA:358,28,0,1
BRDA:358,28,1,2
BRDA:362,29,0,1
BRDA:362,29,1,1
BRDA:362,30,0,2
BRDA:362,30,1,2
BRF:62
BRH:55
end_of_record
